[10Dec2024 00:01:33.674] [Server thread/INFO] [net.minecraft.server.MinecraftServer/]: [softfer: Set the time to 1000]
[10Dec2024 00:01:33.738] [Server thread/INFO] [de.mrjulsen.crn.CreateRailwaysNavigator/]: All times have been corrected: -15322 Ticks
[10Dec2024 00:03:58.917] [Netty Epoll Server IO #7/WARN] [com.connectivity.Connectivity/]: Decoding error for packet:unknown
java.lang.IndexOutOfBoundsException: Index 1 out of bounds for length 1
	at jdk.internal.util.Preconditions.outOfBounds(Preconditions.java:100) ~[?:?]
	at jdk.internal.util.Preconditions.outOfBoundsCheckIndex(Preconditions.java:106) ~[?:?]
	at jdk.internal.util.Preconditions.checkIndex(Preconditions.java:302) ~[?:?]
	at java.util.Objects.checkIndex(Objects.java:385) ~[?:?]
	at java.util.ArrayList.get(ArrayList.java:427) ~[?:?]
	at net.minecraft.network.ConnectionProtocol$PacketSet.m_178327_(ConnectionProtocol.java:458) ~[server-1.20.1-20230612.114412-srg.jar%23491!/:?]
	at net.minecraft.network.ConnectionProtocol.m_178321_(ConnectionProtocol.java:522) ~[server-1.20.1-20230612.114412-srg.jar%23491!/:?]
	at net.minecraft.network.PacketDecoder.redirect$bhg000$connectivity$checkDecodingError(PacketDecoder.java:568) ~[server-1.20.1-20230612.114412-srg.jar%23491!/:?]
	at net.minecraft.network.PacketDecoder.decode(PacketDecoder.java:32) ~[server-1.20.1-20230612.114412-srg.jar%23491!/:?]
	at io.netty.handler.codec.ByteToMessageDecoder.decodeRemovalReentryProtection(ByteToMessageDecoder.java:519) ~[netty-codec-4.1.82.Final.jar%2381!/:4.1.82.Final]
	at io.netty.handler.codec.ByteToMessageDecoder.callDecode(ByteToMessageDecoder.java:458) ~[netty-codec-4.1.82.Final.jar%2381!/:4.1.82.Final]
	at io.netty.handler.codec.ByteToMessageDecoder.channelRead(ByteToMessageDecoder.java:280) ~[netty-codec-4.1.82.Final.jar%2381!/:4.1.82.Final]
	at io.netty.channel.AbstractChannelHandlerContext.invokeChannelRead(AbstractChannelHandlerContext.java:379) ~[netty-transport-4.1.82.Final.jar%2385!/:4.1.82.Final]
	at io.netty.channel.AbstractChannelHandlerContext.invokeChannelRead(AbstractChannelHandlerContext.java:365) ~[netty-transport-4.1.82.Final.jar%2385!/:4.1.82.Final]
	at io.netty.channel.AbstractChannelHandlerContext.fireChannelRead(AbstractChannelHandlerContext.java:357) ~[netty-transport-4.1.82.Final.jar%2385!/:4.1.82.Final]
	at io.netty.handler.codec.ByteToMessageDecoder.fireChannelRead(ByteToMessageDecoder.java:336) ~[netty-codec-4.1.82.Final.jar%2381!/:4.1.82.Final]
	at io.netty.handler.codec.ByteToMessageDecoder.fireChannelRead(ByteToMessageDecoder.java:323) ~[netty-codec-4.1.82.Final.jar%2381!/:4.1.82.Final]
	at io.netty.handler.codec.ByteToMessageDecoder.callDecode(ByteToMessageDecoder.java:444) ~[netty-codec-4.1.82.Final.jar%2381!/:4.1.82.Final]
	at io.netty.handler.codec.ByteToMessageDecoder.channelRead(ByteToMessageDecoder.java:280) ~[netty-codec-4.1.82.Final.jar%2381!/:4.1.82.Final]
	at io.netty.channel.AbstractChannelHandlerContext.invokeChannelRead(AbstractChannelHandlerContext.java:379) ~[netty-transport-4.1.82.Final.jar%2385!/:4.1.82.Final]
	at io.netty.channel.AbstractChannelHandlerContext.invokeChannelRead(AbstractChannelHandlerContext.java:365) ~[netty-transport-4.1.82.Final.jar%2385!/:4.1.82.Final]
	at io.netty.channel.AbstractChannelHandlerContext.fireChannelRead(AbstractChannelHandlerContext.java:357) ~[netty-transport-4.1.82.Final.jar%2385!/:4.1.82.Final]
	at net.minecraft.server.network.LegacyQueryHandler.channelRead(LegacyQueryHandler.java:95) ~[server-1.20.1-20230612.114412-srg.jar%23491!/:?]
	at io.netty.channel.AbstractChannelHandlerContext.invokeChannelRead(AbstractChannelHandlerContext.java:379) ~[netty-transport-4.1.82.Final.jar%2385!/:4.1.82.Final]
	at io.netty.channel.AbstractChannelHandlerContext.invokeChannelRead(AbstractChannelHandlerContext.java:365) ~[netty-transport-4.1.82.Final.jar%2385!/:4.1.82.Final]
	at io.netty.channel.AbstractChannelHandlerContext.fireChannelRead(AbstractChannelHandlerContext.java:357) ~[netty-transport-4.1.82.Final.jar%2385!/:4.1.82.Final]
	at io.netty.handler.timeout.IdleStateHandler.channelRead(IdleStateHandler.java:286) ~[netty-handler-4.1.82.Final.jar%2383!/:4.1.82.Final]
	at io.netty.channel.AbstractChannelHandlerContext.invokeChannelRead(AbstractChannelHandlerContext.java:379) ~[netty-transport-4.1.82.Final.jar%2385!/:4.1.82.Final]
	at io.netty.channel.AbstractChannelHandlerContext.invokeChannelRead(AbstractChannelHandlerContext.java:365) ~[netty-transport-4.1.82.Final.jar%2385!/:4.1.82.Final]
	at io.netty.channel.AbstractChannelHandlerContext.fireChannelRead(AbstractChannelHandlerContext.java:357) ~[netty-transport-4.1.82.Final.jar%2385!/:4.1.82.Final]
	at io.netty.channel.DefaultChannelPipeline$HeadContext.channelRead(DefaultChannelPipeline.java:1410) ~[netty-transport-4.1.82.Final.jar%2385!/:4.1.82.Final]
	at io.netty.channel.AbstractChannelHandlerContext.invokeChannelRead(AbstractChannelHandlerContext.java:379) ~[netty-transport-4.1.82.Final.jar%2385!/:4.1.82.Final]
	at io.netty.channel.AbstractChannelHandlerContext.invokeChannelRead(AbstractChannelHandlerContext.java:365) ~[netty-transport-4.1.82.Final.jar%2385!/:4.1.82.Final]
	at io.netty.channel.DefaultChannelPipeline.fireChannelRead(DefaultChannelPipeline.java:919) ~[netty-transport-4.1.82.Final.jar%2385!/:4.1.82.Final]
	at io.netty.channel.epoll.AbstractEpollStreamChannel$EpollStreamUnsafe.epollInReady(AbstractEpollStreamChannel.java:800) ~[netty-transport-classes-epoll-4.1.82.Final.jar%2386!/:4.1.82.Final]
	at io.netty.channel.epoll.EpollEventLoop.processReady(EpollEventLoop.java:499) ~[netty-transport-classes-epoll-4.1.82.Final.jar%2386!/:4.1.82.Final]
	at io.netty.channel.epoll.EpollEventLoop.run(EpollEventLoop.java:397) ~[netty-transport-classes-epoll-4.1.82.Final.jar%2386!/:4.1.82.Final]
	at io.netty.util.concurrent.SingleThreadEventExecutor$4.run(SingleThreadEventExecutor.java:997) ~[netty-common-4.1.82.Final.jar%2382!/:4.1.82.Final]
	at io.netty.util.internal.ThreadExecutorMap$2.run(ThreadExecutorMap.java:74) ~[netty-common-4.1.82.Final.jar%2382!/:4.1.82.Final]
	at java.lang.Thread.run(Thread.java:1583) ~[?:?]
[10Dec2024 00:03:58.918] [Netty Epoll Server IO #7/WARN] [com.connectivity.Connectivity/]: <------ Packet Data Export: ------>
[10Dec2024 00:03:58.919] [Netty Epoll Server IO #7/WARN] [com.connectivity.Connectivity/]: Packet:FriendlyByteBuf 
[10Dec2024 00:03:58.919] [Netty Epoll Server IO #7/WARN] [com.connectivity.Connectivity/]: Packet data:
[
  "<partial numeric data>",
  "[1, 0, 47, 0, 0, 2, 0, 0, 0, 26, 0, 6, 1, 0, 32, 0, 1, 2]"
]
[10Dec2024 00:03:58.919] [Netty Epoll Server IO #7/WARN] [com.connectivity.Connectivity/]: <------ Packet Data Export End: ------>
[10Dec2024 00:03:58.919] [Netty Epoll Server IO #7/WARN] [com.connectivity.Connectivity/]: Network error in:packet_handler with:net.minecraft.server.network.ServerHandshakePacketListenerImpl@5e147cfd
io.netty.handler.codec.DecoderException: java.lang.IndexOutOfBoundsException: Index 1 out of bounds for length 1
	at io.netty.handler.codec.ByteToMessageDecoder.callDecode(ByteToMessageDecoder.java:489) ~[netty-codec-4.1.82.Final.jar%2381!/:4.1.82.Final]
	at io.netty.handler.codec.ByteToMessageDecoder.channelRead(ByteToMessageDecoder.java:280) ~[netty-codec-4.1.82.Final.jar%2381!/:4.1.82.Final]
	at io.netty.channel.AbstractChannelHandlerContext.invokeChannelRead(AbstractChannelHandlerContext.java:379) ~[netty-transport-4.1.82.Final.jar%2385!/:4.1.82.Final]
	at io.netty.channel.AbstractChannelHandlerContext.invokeChannelRead(AbstractChannelHandlerContext.java:365) ~[netty-transport-4.1.82.Final.jar%2385!/:4.1.82.Final]
	at io.netty.channel.AbstractChannelHandlerContext.fireChannelRead(AbstractChannelHandlerContext.java:357) ~[netty-transport-4.1.82.Final.jar%2385!/:4.1.82.Final]
	at io.netty.handler.codec.ByteToMessageDecoder.fireChannelRead(ByteToMessageDecoder.java:336) ~[netty-codec-4.1.82.Final.jar%2381!/:4.1.82.Final]
	at io.netty.handler.codec.ByteToMessageDecoder.fireChannelRead(ByteToMessageDecoder.java:323) ~[netty-codec-4.1.82.Final.jar%2381!/:4.1.82.Final]
	at io.netty.handler.codec.ByteToMessageDecoder.callDecode(ByteToMessageDecoder.java:444) ~[netty-codec-4.1.82.Final.jar%2381!/:4.1.82.Final]
	at io.netty.handler.codec.ByteToMessageDecoder.channelRead(ByteToMessageDecoder.java:280) ~[netty-codec-4.1.82.Final.jar%2381!/:4.1.82.Final]
	at io.netty.channel.AbstractChannelHandlerContext.invokeChannelRead(AbstractChannelHandlerContext.java:379) ~[netty-transport-4.1.82.Final.jar%2385!/:4.1.82.Final]
	at io.netty.channel.AbstractChannelHandlerContext.invokeChannelRead(AbstractChannelHandlerContext.java:365) ~[netty-transport-4.1.82.Final.jar%2385!/:4.1.82.Final]
	at io.netty.channel.AbstractChannelHandlerContext.fireChannelRead(AbstractChannelHandlerContext.java:357) ~[netty-transport-4.1.82.Final.jar%2385!/:4.1.82.Final]
	at net.minecraft.server.network.LegacyQueryHandler.channelRead(LegacyQueryHandler.java:95) ~[server-1.20.1-20230612.114412-srg.jar%23491!/:?]
	at io.netty.channel.AbstractChannelHandlerContext.invokeChannelRead(AbstractChannelHandlerContext.java:379) ~[netty-transport-4.1.82.Final.jar%2385!/:4.1.82.Final]
	at io.netty.channel.AbstractChannelHandlerContext.invokeChannelRead(AbstractChannelHandlerContext.java:365) ~[netty-transport-4.1.82.Final.jar%2385!/:4.1.82.Final]
	at io.netty.channel.AbstractChannelHandlerContext.fireChannelRead(AbstractChannelHandlerContext.java:357) ~[netty-transport-4.1.82.Final.jar%2385!/:4.1.82.Final]
	at io.netty.handler.timeout.IdleStateHandler.channelRead(IdleStateHandler.java:286) ~[netty-handler-4.1.82.Final.jar%2383!/:4.1.82.Final]
	at io.netty.channel.AbstractChannelHandlerContext.invokeChannelRead(AbstractChannelHandlerContext.java:379) ~[netty-transport-4.1.82.Final.jar%2385!/:4.1.82.Final]
	at io.netty.channel.AbstractChannelHandlerContext.invokeChannelRead(AbstractChannelHandlerContext.java:365) ~[netty-transport-4.1.82.Final.jar%2385!/:4.1.82.Final]
	at io.netty.channel.AbstractChannelHandlerContext.fireChannelRead(AbstractChannelHandlerContext.java:357) ~[netty-transport-4.1.82.Final.jar%2385!/:4.1.82.Final]
	at io.netty.channel.DefaultChannelPipeline$HeadContext.channelRead(DefaultChannelPipeline.java:1410) ~[netty-transport-4.1.82.Final.jar%2385!/:4.1.82.Final]
	at io.netty.channel.AbstractChannelHandlerContext.invokeChannelRead(AbstractChannelHandlerContext.java:379) ~[netty-transport-4.1.82.Final.jar%2385!/:4.1.82.Final]
	at io.netty.channel.AbstractChannelHandlerContext.invokeChannelRead(AbstractChannelHandlerContext.java:365) ~[netty-transport-4.1.82.Final.jar%2385!/:4.1.82.Final]
	at io.netty.channel.DefaultChannelPipeline.fireChannelRead(DefaultChannelPipeline.java:919) ~[netty-transport-4.1.82.Final.jar%2385!/:4.1.82.Final]
	at io.netty.channel.epoll.AbstractEpollStreamChannel$EpollStreamUnsafe.epollInReady(AbstractEpollStreamChannel.java:800) ~[netty-transport-classes-epoll-4.1.82.Final.jar%2386!/:4.1.82.Final]
	at io.netty.channel.epoll.EpollEventLoop.processReady(EpollEventLoop.java:499) ~[netty-transport-classes-epoll-4.1.82.Final.jar%2386!/:4.1.82.Final]
	at io.netty.channel.epoll.EpollEventLoop.run(EpollEventLoop.java:397) ~[netty-transport-classes-epoll-4.1.82.Final.jar%2386!/:4.1.82.Final]
	at io.netty.util.concurrent.SingleThreadEventExecutor$4.run(SingleThreadEventExecutor.java:997) ~[netty-common-4.1.82.Final.jar%2382!/:4.1.82.Final]
	at io.netty.util.internal.ThreadExecutorMap$2.run(ThreadExecutorMap.java:74) ~[netty-common-4.1.82.Final.jar%2382!/:4.1.82.Final]
	at java.lang.Thread.run(Thread.java:1583) ~[?:?]
Caused by: java.lang.IndexOutOfBoundsException: Index 1 out of bounds for length 1
	at jdk.internal.util.Preconditions.outOfBounds(Preconditions.java:100) ~[?:?]
	at jdk.internal.util.Preconditions.outOfBoundsCheckIndex(Preconditions.java:106) ~[?:?]
	at jdk.internal.util.Preconditions.checkIndex(Preconditions.java:302) ~[?:?]
	at java.util.Objects.checkIndex(Objects.java:385) ~[?:?]
	at java.util.ArrayList.get(ArrayList.java:427) ~[?:?]
	at net.minecraft.network.ConnectionProtocol$PacketSet.m_178327_(ConnectionProtocol.java:458) ~[server-1.20.1-20230612.114412-srg.jar%23491!/:?]
	at net.minecraft.network.ConnectionProtocol.m_178321_(ConnectionProtocol.java:522) ~[server-1.20.1-20230612.114412-srg.jar%23491!/:?]
	at net.minecraft.network.PacketDecoder.redirect$bhg000$connectivity$checkDecodingError(PacketDecoder.java:568) ~[server-1.20.1-20230612.114412-srg.jar%23491!/:?]
	at net.minecraft.network.PacketDecoder.decode(PacketDecoder.java:32) ~[server-1.20.1-20230612.114412-srg.jar%23491!/:?]
	at io.netty.handler.codec.ByteToMessageDecoder.decodeRemovalReentryProtection(ByteToMessageDecoder.java:519) ~[netty-codec-4.1.82.Final.jar%2381!/:4.1.82.Final]
	at io.netty.handler.codec.ByteToMessageDecoder.callDecode(ByteToMessageDecoder.java:458) ~[netty-codec-4.1.82.Final.jar%2381!/:4.1.82.Final]
	... 29 more
[10Dec2024 00:03:58.921] [Netty Epoll Server IO #7/WARN] [com.connectivity.Connectivity/]: Packet:ClientIntentionPacket  id 0 larger than expected error detected, printing packet and buffer. Stacktrace gets logged after this
[10Dec2024 00:03:58.922] [Netty Epoll Server IO #7/WARN] [com.connectivity.Connectivity/]: Packet data:
{
  "f_134720_": 47,
  "f_134721_": "",
  "f_134722_": 2,
  "f_134723_": "PLAY",
  "fmlVersion": "NONE"
}
[10Dec2024 00:03:58.922] [Netty Epoll Server IO #7/WARN] [com.connectivity.Connectivity/]: Packet:PooledUnsafeDirectByteBuf  id 0 data of 11 extra bytes: 
[10Dec2024 00:03:58.922] [Netty Epoll Server IO #7/WARN] [com.connectivity.Connectivity/]: Packet data:
[
  "<partial numeric data>",
  "[0, 0, 26, 0, 6, 1, 0, 32, 0, 1, 2]"
]
[10Dec2024 00:03:58.922] [Netty Epoll Server IO #7/WARN] [com.connectivity.Connectivity/]: Network error in:packet_handler with:net.minecraft.server.network.ServerHandshakePacketListenerImpl@5e147cfd
io.netty.handler.codec.DecoderException: java.io.IOException: Packet -1/0 (ClientIntentionPacket) was larger than I expected, found 11 bytes extra whilst reading packet 0
	at io.netty.handler.codec.ByteToMessageDecoder.callDecode(ByteToMessageDecoder.java:489) ~[netty-codec-4.1.82.Final.jar%2381!/:4.1.82.Final]
	at io.netty.handler.codec.ByteToMessageDecoder.channelRead(ByteToMessageDecoder.java:280) ~[netty-codec-4.1.82.Final.jar%2381!/:4.1.82.Final]
	at io.netty.channel.AbstractChannelHandlerContext.invokeChannelRead(AbstractChannelHandlerContext.java:379) ~[netty-transport-4.1.82.Final.jar%2385!/:4.1.82.Final]
	at io.netty.channel.AbstractChannelHandlerContext.invokeChannelRead(AbstractChannelHandlerContext.java:365) ~[netty-transport-4.1.82.Final.jar%2385!/:4.1.82.Final]
	at io.netty.channel.AbstractChannelHandlerContext.fireChannelRead(AbstractChannelHandlerContext.java:357) ~[netty-transport-4.1.82.Final.jar%2385!/:4.1.82.Final]
	at io.netty.handler.codec.ByteToMessageDecoder.fireChannelRead(ByteToMessageDecoder.java:336) ~[netty-codec-4.1.82.Final.jar%2381!/:4.1.82.Final]
	at io.netty.handler.codec.ByteToMessageDecoder.fireChannelRead(ByteToMessageDecoder.java:323) ~[netty-codec-4.1.82.Final.jar%2381!/:4.1.82.Final]
	at io.netty.handler.codec.ByteToMessageDecoder.callDecode(ByteToMessageDecoder.java:444) ~[netty-codec-4.1.82.Final.jar%2381!/:4.1.82.Final]
	at io.netty.handler.codec.ByteToMessageDecoder.channelRead(ByteToMessageDecoder.java:280) ~[netty-codec-4.1.82.Final.jar%2381!/:4.1.82.Final]
	at io.netty.channel.AbstractChannelHandlerContext.invokeChannelRead(AbstractChannelHandlerContext.java:379) ~[netty-transport-4.1.82.Final.jar%2385!/:4.1.82.Final]
	at io.netty.channel.AbstractChannelHandlerContext.invokeChannelRead(AbstractChannelHandlerContext.java:365) ~[netty-transport-4.1.82.Final.jar%2385!/:4.1.82.Final]
	at io.netty.channel.AbstractChannelHandlerContext.fireChannelRead(AbstractChannelHandlerContext.java:357) ~[netty-transport-4.1.82.Final.jar%2385!/:4.1.82.Final]
	at net.minecraft.server.network.LegacyQueryHandler.channelRead(LegacyQueryHandler.java:95) ~[server-1.20.1-20230612.114412-srg.jar%23491!/:?]
	at io.netty.channel.AbstractChannelHandlerContext.invokeChannelRead(AbstractChannelHandlerContext.java:379) ~[netty-transport-4.1.82.Final.jar%2385!/:4.1.82.Final]
	at io.netty.channel.AbstractChannelHandlerContext.invokeChannelRead(AbstractChannelHandlerContext.java:365) ~[netty-transport-4.1.82.Final.jar%2385!/:4.1.82.Final]
	at io.netty.channel.AbstractChannelHandlerContext.fireChannelRead(AbstractChannelHandlerContext.java:357) ~[netty-transport-4.1.82.Final.jar%2385!/:4.1.82.Final]
	at io.netty.handler.timeout.IdleStateHandler.channelRead(IdleStateHandler.java:286) ~[netty-handler-4.1.82.Final.jar%2383!/:4.1.82.Final]
	at io.netty.channel.AbstractChannelHandlerContext.invokeChannelRead(AbstractChannelHandlerContext.java:379) ~[netty-transport-4.1.82.Final.jar%2385!/:4.1.82.Final]
	at io.netty.channel.AbstractChannelHandlerContext.invokeChannelRead(AbstractChannelHandlerContext.java:365) ~[netty-transport-4.1.82.Final.jar%2385!/:4.1.82.Final]
	at io.netty.channel.AbstractChannelHandlerContext.fireChannelRead(AbstractChannelHandlerContext.java:357) ~[netty-transport-4.1.82.Final.jar%2385!/:4.1.82.Final]
	at io.netty.channel.DefaultChannelPipeline$HeadContext.channelRead(DefaultChannelPipeline.java:1410) ~[netty-transport-4.1.82.Final.jar%2385!/:4.1.82.Final]
	at io.netty.channel.AbstractChannelHandlerContext.invokeChannelRead(AbstractChannelHandlerContext.java:379) ~[netty-transport-4.1.82.Final.jar%2385!/:4.1.82.Final]
	at io.netty.channel.AbstractChannelHandlerContext.invokeChannelRead(AbstractChannelHandlerContext.java:365) ~[netty-transport-4.1.82.Final.jar%2385!/:4.1.82.Final]
	at io.netty.channel.DefaultChannelPipeline.fireChannelRead(DefaultChannelPipeline.java:919) ~[netty-transport-4.1.82.Final.jar%2385!/:4.1.82.Final]
	at io.netty.channel.epoll.AbstractEpollStreamChannel$EpollStreamUnsafe.epollInReady(AbstractEpollStreamChannel.java:800) ~[netty-transport-classes-epoll-4.1.82.Final.jar%2386!/:4.1.82.Final]
	at io.netty.channel.epoll.EpollEventLoop.processReady(EpollEventLoop.java:499) ~[netty-transport-classes-epoll-4.1.82.Final.jar%2386!/:4.1.82.Final]
	at io.netty.channel.epoll.EpollEventLoop.run(EpollEventLoop.java:397) ~[netty-transport-classes-epoll-4.1.82.Final.jar%2386!/:4.1.82.Final]
	at io.netty.util.concurrent.SingleThreadEventExecutor$4.run(SingleThreadEventExecutor.java:997) ~[netty-common-4.1.82.Final.jar%2382!/:4.1.82.Final]
	at io.netty.util.internal.ThreadExecutorMap$2.run(ThreadExecutorMap.java:74) ~[netty-common-4.1.82.Final.jar%2382!/:4.1.82.Final]
	at java.lang.Thread.run(Thread.java:1583) ~[?:?]
Caused by: java.io.IOException: Packet -1/0 (ClientIntentionPacket) was larger than I expected, found 11 bytes extra whilst reading packet 0
	at net.minecraft.network.PacketDecoder.handler$bhg000$connectivity$onDecode(PacketDecoder.java:560) ~[server-1.20.1-20230612.114412-srg.jar%23491!/:?]
	at net.minecraft.network.PacketDecoder.decode(PacketDecoder.java:47) ~[server-1.20.1-20230612.114412-srg.jar%23491!/:?]
	at io.netty.handler.codec.ByteToMessageDecoder.decodeRemovalReentryProtection(ByteToMessageDecoder.java:519) ~[netty-codec-4.1.82.Final.jar%2381!/:4.1.82.Final]
	at io.netty.handler.codec.ByteToMessageDecoder.callDecode(ByteToMessageDecoder.java:458) ~[netty-codec-4.1.82.Final.jar%2381!/:4.1.82.Final]
	... 29 more
[10Dec2024 00:03:58.924] [Netty Epoll Server IO #7/WARN] [com.connectivity.Connectivity/]: Decoding error for packet:class net.minecraft.network.protocol.handshake.ClientIntentionPacket
java.lang.IndexOutOfBoundsException: index: 10, length: 26 (expected: range(0, 18))
	at io.netty.buffer.AbstractByteBuf.checkRangeBounds(AbstractByteBuf.java:1390) ~[netty-buffer-4.1.82.Final.jar%2380!/:4.1.82.Final]
	at io.netty.buffer.AbstractByteBuf.checkIndex0(AbstractByteBuf.java:1397) ~[netty-buffer-4.1.82.Final.jar%2380!/:4.1.82.Final]
	at io.netty.buffer.AbstractByteBuf.checkIndex(AbstractByteBuf.java:1384) ~[netty-buffer-4.1.82.Final.jar%2380!/:4.1.82.Final]
	at io.netty.buffer.UnsafeByteBufUtil.getBytes(UnsafeByteBufUtil.java:481) ~[netty-buffer-4.1.82.Final.jar%2380!/:4.1.82.Final]
	at io.netty.buffer.PooledUnsafeDirectByteBuf.getBytes(PooledUnsafeDirectByteBuf.java:130) ~[netty-buffer-4.1.82.Final.jar%2380!/:4.1.82.Final]
	at io.netty.buffer.ByteBufUtil.decodeString(ByteBufUtil.java:1270) ~[netty-buffer-4.1.82.Final.jar%2380!/:4.1.82.Final]
	at io.netty.buffer.AbstractByteBuf.toString(AbstractByteBuf.java:1246) ~[netty-buffer-4.1.82.Final.jar%2380!/:4.1.82.Final]
	at net.minecraft.network.FriendlyByteBuf.toString(FriendlyByteBuf.java:1537) ~[server-1.20.1-20230612.114412-srg.jar%23491!/:?]
	at net.minecraft.network.FriendlyByteBuf.m_130136_(FriendlyByteBuf.java:676) ~[server-1.20.1-20230612.114412-srg.jar%23491!/:?]
	at net.minecraft.network.protocol.handshake.ClientIntentionPacket.<init>(ClientIntentionPacket.java:25) ~[server-1.20.1-20230612.114412-srg.jar%23491!/:?]
	at net.minecraft.network.ConnectionProtocol$PacketSet.m_178327_(ConnectionProtocol.java:459) ~[server-1.20.1-20230612.114412-srg.jar%23491!/:?]
	at net.minecraft.network.ConnectionProtocol.m_178321_(ConnectionProtocol.java:522) ~[server-1.20.1-20230612.114412-srg.jar%23491!/:?]
	at net.minecraft.network.PacketDecoder.redirect$bhg000$connectivity$checkDecodingError(PacketDecoder.java:568) ~[server-1.20.1-20230612.114412-srg.jar%23491!/:?]
	at net.minecraft.network.PacketDecoder.decode(PacketDecoder.java:32) ~[server-1.20.1-20230612.114412-srg.jar%23491!/:?]
	at io.netty.handler.codec.ByteToMessageDecoder.decodeRemovalReentryProtection(ByteToMessageDecoder.java:519) ~[netty-codec-4.1.82.Final.jar%2381!/:4.1.82.Final]
	at io.netty.handler.codec.ByteToMessageDecoder.callDecode(ByteToMessageDecoder.java:458) ~[netty-codec-4.1.82.Final.jar%2381!/:4.1.82.Final]
	at io.netty.handler.codec.ByteToMessageDecoder.channelInputClosed(ByteToMessageDecoder.java:416) ~[netty-codec-4.1.82.Final.jar%2381!/:4.1.82.Final]
	at io.netty.handler.codec.ByteToMessageDecoder.channelInputClosed(ByteToMessageDecoder.java:383) ~[netty-codec-4.1.82.Final.jar%2381!/:4.1.82.Final]
	at io.netty.handler.codec.ByteToMessageDecoder.channelInactive(ByteToMessageDecoder.java:366) ~[netty-codec-4.1.82.Final.jar%2381!/:4.1.82.Final]
	at io.netty.channel.AbstractChannelHandlerContext.invokeChannelInactive(AbstractChannelHandlerContext.java:262) ~[netty-transport-4.1.82.Final.jar%2385!/:4.1.82.Final]
	at io.netty.channel.AbstractChannelHandlerContext.invokeChannelInactive(AbstractChannelHandlerContext.java:248) ~[netty-transport-4.1.82.Final.jar%2385!/:4.1.82.Final]
	at io.netty.channel.AbstractChannelHandlerContext.fireChannelInactive(AbstractChannelHandlerContext.java:241) ~[netty-transport-4.1.82.Final.jar%2385!/:4.1.82.Final]
	at io.netty.handler.codec.ByteToMessageDecoder.channelInputClosed(ByteToMessageDecoder.java:401) ~[netty-codec-4.1.82.Final.jar%2381!/:4.1.82.Final]
	at io.netty.handler.codec.ByteToMessageDecoder.channelInactive(ByteToMessageDecoder.java:366) ~[netty-codec-4.1.82.Final.jar%2381!/:4.1.82.Final]
	at io.netty.channel.AbstractChannelHandlerContext.invokeChannelInactive(AbstractChannelHandlerContext.java:262) ~[netty-transport-4.1.82.Final.jar%2385!/:4.1.82.Final]
	at io.netty.channel.AbstractChannelHandlerContext.invokeChannelInactive(AbstractChannelHandlerContext.java:248) ~[netty-transport-4.1.82.Final.jar%2385!/:4.1.82.Final]
	at io.netty.channel.AbstractChannelHandlerContext.fireChannelInactive(AbstractChannelHandlerContext.java:241) ~[netty-transport-4.1.82.Final.jar%2385!/:4.1.82.Final]
	at io.netty.channel.ChannelInboundHandlerAdapter.channelInactive(ChannelInboundHandlerAdapter.java:81) ~[netty-transport-4.1.82.Final.jar%2385!/:4.1.82.Final]
	at io.netty.handler.timeout.IdleStateHandler.channelInactive(IdleStateHandler.java:277) ~[netty-handler-4.1.82.Final.jar%2383!/:4.1.82.Final]
	at io.netty.channel.AbstractChannelHandlerContext.invokeChannelInactive(AbstractChannelHandlerContext.java:262) ~[netty-transport-4.1.82.Final.jar%2385!/:4.1.82.Final]
	at io.netty.channel.AbstractChannelHandlerContext.invokeChannelInactive(AbstractChannelHandlerContext.java:248) ~[netty-transport-4.1.82.Final.jar%2385!/:4.1.82.Final]
	at io.netty.channel.AbstractChannelHandlerContext.fireChannelInactive(AbstractChannelHandlerContext.java:241) ~[netty-transport-4.1.82.Final.jar%2385!/:4.1.82.Final]
	at io.netty.channel.DefaultChannelPipeline$HeadContext.channelInactive(DefaultChannelPipeline.java:1405) ~[netty-transport-4.1.82.Final.jar%2385!/:4.1.82.Final]
	at io.netty.channel.AbstractChannelHandlerContext.invokeChannelInactive(AbstractChannelHandlerContext.java:262) ~[netty-transport-4.1.82.Final.jar%2385!/:4.1.82.Final]
	at io.netty.channel.AbstractChannelHandlerContext.invokeChannelInactive(AbstractChannelHandlerContext.java:248) ~[netty-transport-4.1.82.Final.jar%2385!/:4.1.82.Final]
	at io.netty.channel.DefaultChannelPipeline.fireChannelInactive(DefaultChannelPipeline.java:901) ~[netty-transport-4.1.82.Final.jar%2385!/:4.1.82.Final]
	at io.netty.channel.AbstractChannel$AbstractUnsafe$7.run(AbstractChannel.java:813) ~[netty-transport-4.1.82.Final.jar%2385!/:4.1.82.Final]
	at io.netty.util.concurrent.AbstractEventExecutor.runTask(AbstractEventExecutor.java:174) ~[netty-common-4.1.82.Final.jar%2382!/:4.1.82.Final]
	at io.netty.util.concurrent.AbstractEventExecutor.safeExecute(AbstractEventExecutor.java:167) ~[netty-common-4.1.82.Final.jar%2382!/:4.1.82.Final]
	at io.netty.util.concurrent.SingleThreadEventExecutor.runAllTasks(SingleThreadEventExecutor.java:470) ~[netty-common-4.1.82.Final.jar%2382!/:4.1.82.Final]
	at io.netty.channel.epoll.EpollEventLoop.run(EpollEventLoop.java:403) ~[netty-transport-classes-epoll-4.1.82.Final.jar%2386!/:4.1.82.Final]
	at io.netty.util.concurrent.SingleThreadEventExecutor$4.run(SingleThreadEventExecutor.java:997) ~[netty-common-4.1.82.Final.jar%2382!/:4.1.82.Final]
	at io.netty.util.internal.ThreadExecutorMap$2.run(ThreadExecutorMap.java:74) ~[netty-common-4.1.82.Final.jar%2382!/:4.1.82.Final]
	at java.lang.Thread.run(Thread.java:1583) ~[?:?]
[10Dec2024 00:03:58.925] [Netty Epoll Server IO #7/WARN] [com.connectivity.Connectivity/]: <------ Packet Data Export: ------>
[10Dec2024 00:03:58.925] [Netty Epoll Server IO #7/WARN] [com.connectivity.Connectivity/]: Packet:FriendlyByteBuf 
[10Dec2024 00:03:58.925] [Netty Epoll Server IO #7/WARN] [com.connectivity.Connectivity/]: Packet data:
[
  "<partial numeric data>",
  "[1, 0, 47, 0, 0, 2, 0, 0, 0, 26, 0, 6, 1, 0, 32, 0, 1, 2]"
]
[10Dec2024 00:03:58.925] [Netty Epoll Server IO #7/WARN] [com.connectivity.Connectivity/]: <------ Packet Data Export End: ------>
[10Dec2024 00:03:58.926] [Netty Epoll Server IO #7/WARN] [com.connectivity.Connectivity/]: Network error in:packet_handler with:net.minecraft.server.network.ServerHandshakePacketListenerImpl@5e147cfd
io.netty.handler.codec.DecoderException: java.lang.IndexOutOfBoundsException: index: 10, length: 26 (expected: range(0, 18))
	at io.netty.handler.codec.ByteToMessageDecoder.callDecode(ByteToMessageDecoder.java:489) ~[netty-codec-4.1.82.Final.jar%2381!/:4.1.82.Final]
	at io.netty.handler.codec.ByteToMessageDecoder.channelInputClosed(ByteToMessageDecoder.java:416) ~[netty-codec-4.1.82.Final.jar%2381!/:4.1.82.Final]
	at io.netty.handler.codec.ByteToMessageDecoder.channelInputClosed(ByteToMessageDecoder.java:383) ~[netty-codec-4.1.82.Final.jar%2381!/:4.1.82.Final]
	at io.netty.handler.codec.ByteToMessageDecoder.channelInactive(ByteToMessageDecoder.java:366) ~[netty-codec-4.1.82.Final.jar%2381!/:4.1.82.Final]
	at io.netty.channel.AbstractChannelHandlerContext.invokeChannelInactive(AbstractChannelHandlerContext.java:262) ~[netty-transport-4.1.82.Final.jar%2385!/:4.1.82.Final]
	at io.netty.channel.AbstractChannelHandlerContext.invokeChannelInactive(AbstractChannelHandlerContext.java:248) ~[netty-transport-4.1.82.Final.jar%2385!/:4.1.82.Final]
	at io.netty.channel.AbstractChannelHandlerContext.fireChannelInactive(AbstractChannelHandlerContext.java:241) ~[netty-transport-4.1.82.Final.jar%2385!/:4.1.82.Final]
	at io.netty.handler.codec.ByteToMessageDecoder.channelInputClosed(ByteToMessageDecoder.java:401) ~[netty-codec-4.1.82.Final.jar%2381!/:4.1.82.Final]
	at io.netty.handler.codec.ByteToMessageDecoder.channelInactive(ByteToMessageDecoder.java:366) ~[netty-codec-4.1.82.Final.jar%2381!/:4.1.82.Final]
	at io.netty.channel.AbstractChannelHandlerContext.invokeChannelInactive(AbstractChannelHandlerContext.java:262) ~[netty-transport-4.1.82.Final.jar%2385!/:4.1.82.Final]
	at io.netty.channel.AbstractChannelHandlerContext.invokeChannelInactive(AbstractChannelHandlerContext.java:248) ~[netty-transport-4.1.82.Final.jar%2385!/:4.1.82.Final]
	at io.netty.channel.AbstractChannelHandlerContext.fireChannelInactive(AbstractChannelHandlerContext.java:241) ~[netty-transport-4.1.82.Final.jar%2385!/:4.1.82.Final]
	at io.netty.channel.ChannelInboundHandlerAdapter.channelInactive(ChannelInboundHandlerAdapter.java:81) ~[netty-transport-4.1.82.Final.jar%2385!/:4.1.82.Final]
	at io.netty.handler.timeout.IdleStateHandler.channelInactive(IdleStateHandler.java:277) ~[netty-handler-4.1.82.Final.jar%2383!/:4.1.82.Final]
	at io.netty.channel.AbstractChannelHandlerContext.invokeChannelInactive(AbstractChannelHandlerContext.java:262) ~[netty-transport-4.1.82.Final.jar%2385!/:4.1.82.Final]
	at io.netty.channel.AbstractChannelHandlerContext.invokeChannelInactive(AbstractChannelHandlerContext.java:248) ~[netty-transport-4.1.82.Final.jar%2385!/:4.1.82.Final]
	at io.netty.channel.AbstractChannelHandlerContext.fireChannelInactive(AbstractChannelHandlerContext.java:241) ~[netty-transport-4.1.82.Final.jar%2385!/:4.1.82.Final]
	at io.netty.channel.DefaultChannelPipeline$HeadContext.channelInactive(DefaultChannelPipeline.java:1405) ~[netty-transport-4.1.82.Final.jar%2385!/:4.1.82.Final]
	at io.netty.channel.AbstractChannelHandlerContext.invokeChannelInactive(AbstractChannelHandlerContext.java:262) ~[netty-transport-4.1.82.Final.jar%2385!/:4.1.82.Final]
	at io.netty.channel.AbstractChannelHandlerContext.invokeChannelInactive(AbstractChannelHandlerContext.java:248) ~[netty-transport-4.1.82.Final.jar%2385!/:4.1.82.Final]
	at io.netty.channel.DefaultChannelPipeline.fireChannelInactive(DefaultChannelPipeline.java:901) ~[netty-transport-4.1.82.Final.jar%2385!/:4.1.82.Final]
	at io.netty.channel.AbstractChannel$AbstractUnsafe$7.run(AbstractChannel.java:813) ~[netty-transport-4.1.82.Final.jar%2385!/:4.1.82.Final]
	at io.netty.util.concurrent.AbstractEventExecutor.runTask(AbstractEventExecutor.java:174) ~[netty-common-4.1.82.Final.jar%2382!/:4.1.82.Final]
	at io.netty.util.concurrent.AbstractEventExecutor.safeExecute(AbstractEventExecutor.java:167) ~[netty-common-4.1.82.Final.jar%2382!/:4.1.82.Final]
	at io.netty.util.concurrent.SingleThreadEventExecutor.runAllTasks(SingleThreadEventExecutor.java:470) ~[netty-common-4.1.82.Final.jar%2382!/:4.1.82.Final]
	at io.netty.channel.epoll.EpollEventLoop.run(EpollEventLoop.java:403) ~[netty-transport-classes-epoll-4.1.82.Final.jar%2386!/:4.1.82.Final]
	at io.netty.util.concurrent.SingleThreadEventExecutor$4.run(SingleThreadEventExecutor.java:997) ~[netty-common-4.1.82.Final.jar%2382!/:4.1.82.Final]
	at io.netty.util.internal.ThreadExecutorMap$2.run(ThreadExecutorMap.java:74) ~[netty-common-4.1.82.Final.jar%2382!/:4.1.82.Final]
	at java.lang.Thread.run(Thread.java:1583) ~[?:?]
Caused by: java.lang.IndexOutOfBoundsException: index: 10, length: 26 (expected: range(0, 18))
	at io.netty.buffer.AbstractByteBuf.checkRangeBounds(AbstractByteBuf.java:1390) ~[netty-buffer-4.1.82.Final.jar%2380!/:4.1.82.Final]
	at io.netty.buffer.AbstractByteBuf.checkIndex0(AbstractByteBuf.java:1397) ~[netty-buffer-4.1.82.Final.jar%2380!/:4.1.82.Final]
	at io.netty.buffer.AbstractByteBuf.checkIndex(AbstractByteBuf.java:1384) ~[netty-buffer-4.1.82.Final.jar%2380!/:4.1.82.Final]
	at io.netty.buffer.UnsafeByteBufUtil.getBytes(UnsafeByteBufUtil.java:481) ~[netty-buffer-4.1.82.Final.jar%2380!/:4.1.82.Final]
	at io.netty.buffer.PooledUnsafeDirectByteBuf.getBytes(PooledUnsafeDirectByteBuf.java:130) ~[netty-buffer-4.1.82.Final.jar%2380!/:4.1.82.Final]
	at io.netty.buffer.ByteBufUtil.decodeString(ByteBufUtil.java:1270) ~[netty-buffer-4.1.82.Final.jar%2380!/:4.1.82.Final]
	at io.netty.buffer.AbstractByteBuf.toString(AbstractByteBuf.java:1246) ~[netty-buffer-4.1.82.Final.jar%2380!/:4.1.82.Final]
	at net.minecraft.network.FriendlyByteBuf.toString(FriendlyByteBuf.java:1537) ~[server-1.20.1-20230612.114412-srg.jar%23491!/:?]
	at net.minecraft.network.FriendlyByteBuf.m_130136_(FriendlyByteBuf.java:676) ~[server-1.20.1-20230612.114412-srg.jar%23491!/:?]
	at net.minecraft.network.protocol.handshake.ClientIntentionPacket.<init>(ClientIntentionPacket.java:25) ~[server-1.20.1-20230612.114412-srg.jar%23491!/:?]
	at net.minecraft.network.ConnectionProtocol$PacketSet.m_178327_(ConnectionProtocol.java:459) ~[server-1.20.1-20230612.114412-srg.jar%23491!/:?]
	at net.minecraft.network.ConnectionProtocol.m_178321_(ConnectionProtocol.java:522) ~[server-1.20.1-20230612.114412-srg.jar%23491!/:?]
	at net.minecraft.network.PacketDecoder.redirect$bhg000$connectivity$checkDecodingError(PacketDecoder.java:568) ~[server-1.20.1-20230612.114412-srg.jar%23491!/:?]
	at net.minecraft.network.PacketDecoder.decode(PacketDecoder.java:32) ~[server-1.20.1-20230612.114412-srg.jar%23491!/:?]
	at io.netty.handler.codec.ByteToMessageDecoder.decodeRemovalReentryProtection(ByteToMessageDecoder.java:519) ~[netty-codec-4.1.82.Final.jar%2381!/:4.1.82.Final]
	at io.netty.handler.codec.ByteToMessageDecoder.callDecode(ByteToMessageDecoder.java:458) ~[netty-codec-4.1.82.Final.jar%2381!/:4.1.82.Final]
	... 28 more
[10Dec2024 00:04:06.258] [Netty Epoll Server IO #1/WARN] [com.connectivity.Connectivity/]: Decoding error for packet:unknown
java.lang.IndexOutOfBoundsException: Index 3 out of bounds for length 1
	at jdk.internal.util.Preconditions.outOfBounds(Preconditions.java:100) ~[?:?]
	at jdk.internal.util.Preconditions.outOfBoundsCheckIndex(Preconditions.java:106) ~[?:?]
	at jdk.internal.util.Preconditions.checkIndex(Preconditions.java:302) ~[?:?]
	at java.util.Objects.checkIndex(Objects.java:385) ~[?:?]
	at java.util.ArrayList.get(ArrayList.java:427) ~[?:?]
	at net.minecraft.network.ConnectionProtocol$PacketSet.m_178327_(ConnectionProtocol.java:458) ~[server-1.20.1-20230612.114412-srg.jar%23491!/:?]
	at net.minecraft.network.ConnectionProtocol.m_178321_(ConnectionProtocol.java:522) ~[server-1.20.1-20230612.114412-srg.jar%23491!/:?]
	at net.minecraft.network.PacketDecoder.redirect$bhg000$connectivity$checkDecodingError(PacketDecoder.java:568) ~[server-1.20.1-20230612.114412-srg.jar%23491!/:?]
	at net.minecraft.network.PacketDecoder.decode(PacketDecoder.java:32) ~[server-1.20.1-20230612.114412-srg.jar%23491!/:?]
	at io.netty.handler.codec.ByteToMessageDecoder.decodeRemovalReentryProtection(ByteToMessageDecoder.java:519) ~[netty-codec-4.1.82.Final.jar%2381!/:4.1.82.Final]
	at io.netty.handler.codec.ByteToMessageDecoder.callDecode(ByteToMessageDecoder.java:458) ~[netty-codec-4.1.82.Final.jar%2381!/:4.1.82.Final]
	at io.netty.handler.codec.ByteToMessageDecoder.channelRead(ByteToMessageDecoder.java:280) ~[netty-codec-4.1.82.Final.jar%2381!/:4.1.82.Final]
	at io.netty.channel.AbstractChannelHandlerContext.invokeChannelRead(AbstractChannelHandlerContext.java:379) ~[netty-transport-4.1.82.Final.jar%2385!/:4.1.82.Final]
	at io.netty.channel.AbstractChannelHandlerContext.invokeChannelRead(AbstractChannelHandlerContext.java:365) ~[netty-transport-4.1.82.Final.jar%2385!/:4.1.82.Final]
	at io.netty.channel.AbstractChannelHandlerContext.fireChannelRead(AbstractChannelHandlerContext.java:357) ~[netty-transport-4.1.82.Final.jar%2385!/:4.1.82.Final]
	at io.netty.handler.codec.ByteToMessageDecoder.fireChannelRead(ByteToMessageDecoder.java:336) ~[netty-codec-4.1.82.Final.jar%2381!/:4.1.82.Final]
	at io.netty.handler.codec.ByteToMessageDecoder.fireChannelRead(ByteToMessageDecoder.java:323) ~[netty-codec-4.1.82.Final.jar%2381!/:4.1.82.Final]
	at io.netty.handler.codec.ByteToMessageDecoder.callDecode(ByteToMessageDecoder.java:444) ~[netty-codec-4.1.82.Final.jar%2381!/:4.1.82.Final]
	at io.netty.handler.codec.ByteToMessageDecoder.channelRead(ByteToMessageDecoder.java:280) ~[netty-codec-4.1.82.Final.jar%2381!/:4.1.82.Final]
	at io.netty.channel.AbstractChannelHandlerContext.invokeChannelRead(AbstractChannelHandlerContext.java:379) ~[netty-transport-4.1.82.Final.jar%2385!/:4.1.82.Final]
	at io.netty.channel.AbstractChannelHandlerContext.invokeChannelRead(AbstractChannelHandlerContext.java:365) ~[netty-transport-4.1.82.Final.jar%2385!/:4.1.82.Final]
	at io.netty.channel.AbstractChannelHandlerContext.fireChannelRead(AbstractChannelHandlerContext.java:357) ~[netty-transport-4.1.82.Final.jar%2385!/:4.1.82.Final]
	at net.minecraft.server.network.LegacyQueryHandler.channelRead(LegacyQueryHandler.java:95) ~[server-1.20.1-20230612.114412-srg.jar%23491!/:?]
	at io.netty.channel.AbstractChannelHandlerContext.invokeChannelRead(AbstractChannelHandlerContext.java:379) ~[netty-transport-4.1.82.Final.jar%2385!/:4.1.82.Final]
	at io.netty.channel.AbstractChannelHandlerContext.invokeChannelRead(AbstractChannelHandlerContext.java:365) ~[netty-transport-4.1.82.Final.jar%2385!/:4.1.82.Final]
	at io.netty.channel.AbstractChannelHandlerContext.fireChannelRead(AbstractChannelHandlerContext.java:357) ~[netty-transport-4.1.82.Final.jar%2385!/:4.1.82.Final]
	at io.netty.handler.timeout.IdleStateHandler.channelRead(IdleStateHandler.java:286) ~[netty-handler-4.1.82.Final.jar%2383!/:4.1.82.Final]
	at io.netty.channel.AbstractChannelHandlerContext.invokeChannelRead(AbstractChannelHandlerContext.java:379) ~[netty-transport-4.1.82.Final.jar%2385!/:4.1.82.Final]
	at io.netty.channel.AbstractChannelHandlerContext.invokeChannelRead(AbstractChannelHandlerContext.java:365) ~[netty-transport-4.1.82.Final.jar%2385!/:4.1.82.Final]
	at io.netty.channel.AbstractChannelHandlerContext.fireChannelRead(AbstractChannelHandlerContext.java:357) ~[netty-transport-4.1.82.Final.jar%2385!/:4.1.82.Final]
	at io.netty.channel.DefaultChannelPipeline$HeadContext.channelRead(DefaultChannelPipeline.java:1410) ~[netty-transport-4.1.82.Final.jar%2385!/:4.1.82.Final]
	at io.netty.channel.AbstractChannelHandlerContext.invokeChannelRead(AbstractChannelHandlerContext.java:379) ~[netty-transport-4.1.82.Final.jar%2385!/:4.1.82.Final]
	at io.netty.channel.AbstractChannelHandlerContext.invokeChannelRead(AbstractChannelHandlerContext.java:365) ~[netty-transport-4.1.82.Final.jar%2385!/:4.1.82.Final]
	at io.netty.channel.DefaultChannelPipeline.fireChannelRead(DefaultChannelPipeline.java:919) ~[netty-transport-4.1.82.Final.jar%2385!/:4.1.82.Final]
	at io.netty.channel.epoll.AbstractEpollStreamChannel$EpollStreamUnsafe.epollInReady(AbstractEpollStreamChannel.java:800) ~[netty-transport-classes-epoll-4.1.82.Final.jar%2386!/:4.1.82.Final]
	at io.netty.channel.epoll.EpollEventLoop.processReady(EpollEventLoop.java:499) ~[netty-transport-classes-epoll-4.1.82.Final.jar%2386!/:4.1.82.Final]
	at io.netty.channel.epoll.EpollEventLoop.run(EpollEventLoop.java:397) ~[netty-transport-classes-epoll-4.1.82.Final.jar%2386!/:4.1.82.Final]
	at io.netty.util.concurrent.SingleThreadEventExecutor$4.run(SingleThreadEventExecutor.java:997) ~[netty-common-4.1.82.Final.jar%2382!/:4.1.82.Final]
	at io.netty.util.internal.ThreadExecutorMap$2.run(ThreadExecutorMap.java:74) ~[netty-common-4.1.82.Final.jar%2382!/:4.1.82.Final]
	at java.lang.Thread.run(Thread.java:1583) ~[?:?]
[10Dec2024 00:04:06.261] [Netty Epoll Server IO #1/WARN] [com.connectivity.Connectivity/]: <------ Packet Data Export: ------>
[10Dec2024 00:04:06.262] [Netty Epoll Server IO #1/WARN] [com.connectivity.Connectivity/]: Packet:FriendlyByteBuf 
[10Dec2024 00:04:06.262] [Netty Epoll Server IO #1/WARN] [com.connectivity.Connectivity/]: Packet data:
[
  "<partial numeric data>",
  "[3, 1, 0, -18, 1, 0, 0, -22, 3, 3, 103, -47, -36, -11, -128, -20, -22, -99, 65, 116, 7, 121]"
]
[10Dec2024 00:04:06.263] [Netty Epoll Server IO #1/WARN] [com.connectivity.Connectivity/]: <------ Packet Data Export End: ------>
[10Dec2024 00:04:06.263] [Netty Epoll Server IO #1/WARN] [com.connectivity.Connectivity/]: Network error in:packet_handler with:net.minecraft.server.network.ServerHandshakePacketListenerImpl@766031ba
io.netty.handler.codec.DecoderException: java.lang.IndexOutOfBoundsException: Index 3 out of bounds for length 1
	at io.netty.handler.codec.ByteToMessageDecoder.callDecode(ByteToMessageDecoder.java:489) ~[netty-codec-4.1.82.Final.jar%2381!/:4.1.82.Final]
	at io.netty.handler.codec.ByteToMessageDecoder.channelRead(ByteToMessageDecoder.java:280) ~[netty-codec-4.1.82.Final.jar%2381!/:4.1.82.Final]
	at io.netty.channel.AbstractChannelHandlerContext.invokeChannelRead(AbstractChannelHandlerContext.java:379) ~[netty-transport-4.1.82.Final.jar%2385!/:4.1.82.Final]
	at io.netty.channel.AbstractChannelHandlerContext.invokeChannelRead(AbstractChannelHandlerContext.java:365) ~[netty-transport-4.1.82.Final.jar%2385!/:4.1.82.Final]
	at io.netty.channel.AbstractChannelHandlerContext.fireChannelRead(AbstractChannelHandlerContext.java:357) ~[netty-transport-4.1.82.Final.jar%2385!/:4.1.82.Final]
	at io.netty.handler.codec.ByteToMessageDecoder.fireChannelRead(ByteToMessageDecoder.java:336) ~[netty-codec-4.1.82.Final.jar%2381!/:4.1.82.Final]
	at io.netty.handler.codec.ByteToMessageDecoder.fireChannelRead(ByteToMessageDecoder.java:323) ~[netty-codec-4.1.82.Final.jar%2381!/:4.1.82.Final]
	at io.netty.handler.codec.ByteToMessageDecoder.callDecode(ByteToMessageDecoder.java:444) ~[netty-codec-4.1.82.Final.jar%2381!/:4.1.82.Final]
	at io.netty.handler.codec.ByteToMessageDecoder.channelRead(ByteToMessageDecoder.java:280) ~[netty-codec-4.1.82.Final.jar%2381!/:4.1.82.Final]
	at io.netty.channel.AbstractChannelHandlerContext.invokeChannelRead(AbstractChannelHandlerContext.java:379) ~[netty-transport-4.1.82.Final.jar%2385!/:4.1.82.Final]
	at io.netty.channel.AbstractChannelHandlerContext.invokeChannelRead(AbstractChannelHandlerContext.java:365) ~[netty-transport-4.1.82.Final.jar%2385!/:4.1.82.Final]
	at io.netty.channel.AbstractChannelHandlerContext.fireChannelRead(AbstractChannelHandlerContext.java:357) ~[netty-transport-4.1.82.Final.jar%2385!/:4.1.82.Final]
	at net.minecraft.server.network.LegacyQueryHandler.channelRead(LegacyQueryHandler.java:95) ~[server-1.20.1-20230612.114412-srg.jar%23491!/:?]
	at io.netty.channel.AbstractChannelHandlerContext.invokeChannelRead(AbstractChannelHandlerContext.java:379) ~[netty-transport-4.1.82.Final.jar%2385!/:4.1.82.Final]
	at io.netty.channel.AbstractChannelHandlerContext.invokeChannelRead(AbstractChannelHandlerContext.java:365) ~[netty-transport-4.1.82.Final.jar%2385!/:4.1.82.Final]
	at io.netty.channel.AbstractChannelHandlerContext.fireChannelRead(AbstractChannelHandlerContext.java:357) ~[netty-transport-4.1.82.Final.jar%2385!/:4.1.82.Final]
	at io.netty.handler.timeout.IdleStateHandler.channelRead(IdleStateHandler.java:286) ~[netty-handler-4.1.82.Final.jar%2383!/:4.1.82.Final]
	at io.netty.channel.AbstractChannelHandlerContext.invokeChannelRead(AbstractChannelHandlerContext.java:379) ~[netty-transport-4.1.82.Final.jar%2385!/:4.1.82.Final]
	at io.netty.channel.AbstractChannelHandlerContext.invokeChannelRead(AbstractChannelHandlerContext.java:365) ~[netty-transport-4.1.82.Final.jar%2385!/:4.1.82.Final]
	at io.netty.channel.AbstractChannelHandlerContext.fireChannelRead(AbstractChannelHandlerContext.java:357) ~[netty-transport-4.1.82.Final.jar%2385!/:4.1.82.Final]
	at io.netty.channel.DefaultChannelPipeline$HeadContext.channelRead(DefaultChannelPipeline.java:1410) ~[netty-transport-4.1.82.Final.jar%2385!/:4.1.82.Final]
	at io.netty.channel.AbstractChannelHandlerContext.invokeChannelRead(AbstractChannelHandlerContext.java:379) ~[netty-transport-4.1.82.Final.jar%2385!/:4.1.82.Final]
	at io.netty.channel.AbstractChannelHandlerContext.invokeChannelRead(AbstractChannelHandlerContext.java:365) ~[netty-transport-4.1.82.Final.jar%2385!/:4.1.82.Final]
	at io.netty.channel.DefaultChannelPipeline.fireChannelRead(DefaultChannelPipeline.java:919) ~[netty-transport-4.1.82.Final.jar%2385!/:4.1.82.Final]
	at io.netty.channel.epoll.AbstractEpollStreamChannel$EpollStreamUnsafe.epollInReady(AbstractEpollStreamChannel.java:800) ~[netty-transport-classes-epoll-4.1.82.Final.jar%2386!/:4.1.82.Final]
	at io.netty.channel.epoll.EpollEventLoop.processReady(EpollEventLoop.java:499) ~[netty-transport-classes-epoll-4.1.82.Final.jar%2386!/:4.1.82.Final]
	at io.netty.channel.epoll.EpollEventLoop.run(EpollEventLoop.java:397) ~[netty-transport-classes-epoll-4.1.82.Final.jar%2386!/:4.1.82.Final]
	at io.netty.util.concurrent.SingleThreadEventExecutor$4.run(SingleThreadEventExecutor.java:997) ~[netty-common-4.1.82.Final.jar%2382!/:4.1.82.Final]
	at io.netty.util.internal.ThreadExecutorMap$2.run(ThreadExecutorMap.java:74) ~[netty-common-4.1.82.Final.jar%2382!/:4.1.82.Final]
	at java.lang.Thread.run(Thread.java:1583) ~[?:?]
Caused by: java.lang.IndexOutOfBoundsException: Index 3 out of bounds for length 1
	at jdk.internal.util.Preconditions.outOfBounds(Preconditions.java:100) ~[?:?]
	at jdk.internal.util.Preconditions.outOfBoundsCheckIndex(Preconditions.java:106) ~[?:?]
	at jdk.internal.util.Preconditions.checkIndex(Preconditions.java:302) ~[?:?]
	at java.util.Objects.checkIndex(Objects.java:385) ~[?:?]
	at java.util.ArrayList.get(ArrayList.java:427) ~[?:?]
	at net.minecraft.network.ConnectionProtocol$PacketSet.m_178327_(ConnectionProtocol.java:458) ~[server-1.20.1-20230612.114412-srg.jar%23491!/:?]
	at net.minecraft.network.ConnectionProtocol.m_178321_(ConnectionProtocol.java:522) ~[server-1.20.1-20230612.114412-srg.jar%23491!/:?]
	at net.minecraft.network.PacketDecoder.redirect$bhg000$connectivity$checkDecodingError(PacketDecoder.java:568) ~[server-1.20.1-20230612.114412-srg.jar%23491!/:?]
	at net.minecraft.network.PacketDecoder.decode(PacketDecoder.java:32) ~[server-1.20.1-20230612.114412-srg.jar%23491!/:?]
	at io.netty.handler.codec.ByteToMessageDecoder.decodeRemovalReentryProtection(ByteToMessageDecoder.java:519) ~[netty-codec-4.1.82.Final.jar%2381!/:4.1.82.Final]
	at io.netty.handler.codec.ByteToMessageDecoder.callDecode(ByteToMessageDecoder.java:458) ~[netty-codec-4.1.82.Final.jar%2381!/:4.1.82.Final]
	... 29 more
[10Dec2024 00:04:06.266] [Netty Epoll Server IO #1/WARN] [com.connectivity.Connectivity/]: Decoding error for packet:unknown
java.lang.IndexOutOfBoundsException: Index 1 out of bounds for length 1
	at jdk.internal.util.Preconditions.outOfBounds(Preconditions.java:100) ~[?:?]
	at jdk.internal.util.Preconditions.outOfBoundsCheckIndex(Preconditions.java:106) ~[?:?]
	at jdk.internal.util.Preconditions.checkIndex(Preconditions.java:302) ~[?:?]
	at java.util.Objects.checkIndex(Objects.java:385) ~[?:?]
	at java.util.ArrayList.get(ArrayList.java:427) ~[?:?]
	at net.minecraft.network.ConnectionProtocol$PacketSet.m_178327_(ConnectionProtocol.java:458) ~[server-1.20.1-20230612.114412-srg.jar%23491!/:?]
	at net.minecraft.network.ConnectionProtocol.m_178321_(ConnectionProtocol.java:522) ~[server-1.20.1-20230612.114412-srg.jar%23491!/:?]
	at net.minecraft.network.PacketDecoder.redirect$bhg000$connectivity$checkDecodingError(PacketDecoder.java:568) ~[server-1.20.1-20230612.114412-srg.jar%23491!/:?]
	at net.minecraft.network.PacketDecoder.decode(PacketDecoder.java:32) ~[server-1.20.1-20230612.114412-srg.jar%23491!/:?]
	at io.netty.handler.codec.ByteToMessageDecoder.decodeRemovalReentryProtection(ByteToMessageDecoder.java:519) ~[netty-codec-4.1.82.Final.jar%2381!/:4.1.82.Final]
	at io.netty.handler.codec.ByteToMessageDecoder.callDecode(ByteToMessageDecoder.java:458) ~[netty-codec-4.1.82.Final.jar%2381!/:4.1.82.Final]
	at io.netty.handler.codec.ByteToMessageDecoder.channelRead(ByteToMessageDecoder.java:280) ~[netty-codec-4.1.82.Final.jar%2381!/:4.1.82.Final]
	at io.netty.channel.AbstractChannelHandlerContext.invokeChannelRead(AbstractChannelHandlerContext.java:379) ~[netty-transport-4.1.82.Final.jar%2385!/:4.1.82.Final]
	at io.netty.channel.AbstractChannelHandlerContext.invokeChannelRead(AbstractChannelHandlerContext.java:365) ~[netty-transport-4.1.82.Final.jar%2385!/:4.1.82.Final]
	at io.netty.channel.AbstractChannelHandlerContext.fireChannelRead(AbstractChannelHandlerContext.java:357) ~[netty-transport-4.1.82.Final.jar%2385!/:4.1.82.Final]
	at io.netty.handler.codec.ByteToMessageDecoder.fireChannelRead(ByteToMessageDecoder.java:336) ~[netty-codec-4.1.82.Final.jar%2381!/:4.1.82.Final]
	at io.netty.handler.codec.ByteToMessageDecoder.fireChannelRead(ByteToMessageDecoder.java:323) ~[netty-codec-4.1.82.Final.jar%2381!/:4.1.82.Final]
	at io.netty.handler.codec.ByteToMessageDecoder.callDecode(ByteToMessageDecoder.java:444) ~[netty-codec-4.1.82.Final.jar%2381!/:4.1.82.Final]
	at io.netty.handler.codec.ByteToMessageDecoder.channelRead(ByteToMessageDecoder.java:280) ~[netty-codec-4.1.82.Final.jar%2381!/:4.1.82.Final]
	at io.netty.channel.AbstractChannelHandlerContext.invokeChannelRead(AbstractChannelHandlerContext.java:379) ~[netty-transport-4.1.82.Final.jar%2385!/:4.1.82.Final]
	at io.netty.channel.AbstractChannelHandlerContext.invokeChannelRead(AbstractChannelHandlerContext.java:365) ~[netty-transport-4.1.82.Final.jar%2385!/:4.1.82.Final]
	at io.netty.channel.AbstractChannelHandlerContext.fireChannelRead(AbstractChannelHandlerContext.java:357) ~[netty-transport-4.1.82.Final.jar%2385!/:4.1.82.Final]
	at net.minecraft.server.network.LegacyQueryHandler.channelRead(LegacyQueryHandler.java:95) ~[server-1.20.1-20230612.114412-srg.jar%23491!/:?]
	at io.netty.channel.AbstractChannelHandlerContext.invokeChannelRead(AbstractChannelHandlerContext.java:379) ~[netty-transport-4.1.82.Final.jar%2385!/:4.1.82.Final]
	at io.netty.channel.AbstractChannelHandlerContext.invokeChannelRead(AbstractChannelHandlerContext.java:365) ~[netty-transport-4.1.82.Final.jar%2385!/:4.1.82.Final]
	at io.netty.channel.AbstractChannelHandlerContext.fireChannelRead(AbstractChannelHandlerContext.java:357) ~[netty-transport-4.1.82.Final.jar%2385!/:4.1.82.Final]
	at io.netty.handler.timeout.IdleStateHandler.channelRead(IdleStateHandler.java:286) ~[netty-handler-4.1.82.Final.jar%2383!/:4.1.82.Final]
	at io.netty.channel.AbstractChannelHandlerContext.invokeChannelRead(AbstractChannelHandlerContext.java:379) ~[netty-transport-4.1.82.Final.jar%2385!/:4.1.82.Final]
	at io.netty.channel.AbstractChannelHandlerContext.invokeChannelRead(AbstractChannelHandlerContext.java:365) ~[netty-transport-4.1.82.Final.jar%2385!/:4.1.82.Final]
	at io.netty.channel.AbstractChannelHandlerContext.fireChannelRead(AbstractChannelHandlerContext.java:357) ~[netty-transport-4.1.82.Final.jar%2385!/:4.1.82.Final]
	at io.netty.channel.DefaultChannelPipeline$HeadContext.channelRead(DefaultChannelPipeline.java:1410) ~[netty-transport-4.1.82.Final.jar%2385!/:4.1.82.Final]
	at io.netty.channel.AbstractChannelHandlerContext.invokeChannelRead(AbstractChannelHandlerContext.java:379) ~[netty-transport-4.1.82.Final.jar%2385!/:4.1.82.Final]
	at io.netty.channel.AbstractChannelHandlerContext.invokeChannelRead(AbstractChannelHandlerContext.java:365) ~[netty-transport-4.1.82.Final.jar%2385!/:4.1.82.Final]
	at io.netty.channel.DefaultChannelPipeline.fireChannelRead(DefaultChannelPipeline.java:919) ~[netty-transport-4.1.82.Final.jar%2385!/:4.1.82.Final]
	at io.netty.channel.epoll.AbstractEpollStreamChannel$EpollStreamUnsafe.epollInReady(AbstractEpollStreamChannel.java:800) ~[netty-transport-classes-epoll-4.1.82.Final.jar%2386!/:4.1.82.Final]
	at io.netty.channel.epoll.EpollEventLoop.processReady(EpollEventLoop.java:499) ~[netty-transport-classes-epoll-4.1.82.Final.jar%2386!/:4.1.82.Final]
	at io.netty.channel.epoll.EpollEventLoop.run(EpollEventLoop.java:397) ~[netty-transport-classes-epoll-4.1.82.Final.jar%2386!/:4.1.82.Final]
	at io.netty.util.concurrent.SingleThreadEventExecutor$4.run(SingleThreadEventExecutor.java:997) ~[netty-common-4.1.82.Final.jar%2382!/:4.1.82.Final]
	at io.netty.util.internal.ThreadExecutorMap$2.run(ThreadExecutorMap.java:74) ~[netty-common-4.1.82.Final.jar%2382!/:4.1.82.Final]
	at java.lang.Thread.run(Thread.java:1583) ~[?:?]
[10Dec2024 00:04:06.268] [Netty Epoll Server IO #1/WARN] [com.connectivity.Connectivity/]: <------ Packet Data Export: ------>
[10Dec2024 00:04:06.269] [Netty Epoll Server IO #1/WARN] [com.connectivity.Connectivity/]: Packet:FriendlyByteBuf 
[10Dec2024 00:04:06.269] [Netty Epoll Server IO #1/WARN] [com.connectivity.Connectivity/]: Packet data:
[
  "gAty|dhe{\""
]
[10Dec2024 00:04:06.271] [Netty Epoll Server IO #1/WARN] [com.connectivity.Connectivity/]: <------ Packet Data Export End: ------>
[10Dec2024 00:04:06.272] [Netty Epoll Server IO #1/WARN] [com.connectivity.Connectivity/]: Network error in:packet_handler with:net.minecraft.server.network.ServerHandshakePacketListenerImpl@766031ba
io.netty.handler.codec.DecoderException: java.lang.IndexOutOfBoundsException: Index 1 out of bounds for length 1
	at io.netty.handler.codec.ByteToMessageDecoder.callDecode(ByteToMessageDecoder.java:489) ~[netty-codec-4.1.82.Final.jar%2381!/:4.1.82.Final]
	at io.netty.handler.codec.ByteToMessageDecoder.channelRead(ByteToMessageDecoder.java:280) ~[netty-codec-4.1.82.Final.jar%2381!/:4.1.82.Final]
	at io.netty.channel.AbstractChannelHandlerContext.invokeChannelRead(AbstractChannelHandlerContext.java:379) ~[netty-transport-4.1.82.Final.jar%2385!/:4.1.82.Final]
	at io.netty.channel.AbstractChannelHandlerContext.invokeChannelRead(AbstractChannelHandlerContext.java:365) ~[netty-transport-4.1.82.Final.jar%2385!/:4.1.82.Final]
	at io.netty.channel.AbstractChannelHandlerContext.fireChannelRead(AbstractChannelHandlerContext.java:357) ~[netty-transport-4.1.82.Final.jar%2385!/:4.1.82.Final]
	at io.netty.handler.codec.ByteToMessageDecoder.fireChannelRead(ByteToMessageDecoder.java:336) ~[netty-codec-4.1.82.Final.jar%2381!/:4.1.82.Final]
	at io.netty.handler.codec.ByteToMessageDecoder.fireChannelRead(ByteToMessageDecoder.java:323) ~[netty-codec-4.1.82.Final.jar%2381!/:4.1.82.Final]
	at io.netty.handler.codec.ByteToMessageDecoder.callDecode(ByteToMessageDecoder.java:444) ~[netty-codec-4.1.82.Final.jar%2381!/:4.1.82.Final]
	at io.netty.handler.codec.ByteToMessageDecoder.channelRead(ByteToMessageDecoder.java:280) ~[netty-codec-4.1.82.Final.jar%2381!/:4.1.82.Final]
	at io.netty.channel.AbstractChannelHandlerContext.invokeChannelRead(AbstractChannelHandlerContext.java:379) ~[netty-transport-4.1.82.Final.jar%2385!/:4.1.82.Final]
	at io.netty.channel.AbstractChannelHandlerContext.invokeChannelRead(AbstractChannelHandlerContext.java:365) ~[netty-transport-4.1.82.Final.jar%2385!/:4.1.82.Final]
	at io.netty.channel.AbstractChannelHandlerContext.fireChannelRead(AbstractChannelHandlerContext.java:357) ~[netty-transport-4.1.82.Final.jar%2385!/:4.1.82.Final]
	at net.minecraft.server.network.LegacyQueryHandler.channelRead(LegacyQueryHandler.java:95) ~[server-1.20.1-20230612.114412-srg.jar%23491!/:?]
	at io.netty.channel.AbstractChannelHandlerContext.invokeChannelRead(AbstractChannelHandlerContext.java:379) ~[netty-transport-4.1.82.Final.jar%2385!/:4.1.82.Final]
	at io.netty.channel.AbstractChannelHandlerContext.invokeChannelRead(AbstractChannelHandlerContext.java:365) ~[netty-transport-4.1.82.Final.jar%2385!/:4.1.82.Final]
	at io.netty.channel.AbstractChannelHandlerContext.fireChannelRead(AbstractChannelHandlerContext.java:357) ~[netty-transport-4.1.82.Final.jar%2385!/:4.1.82.Final]
	at io.netty.handler.timeout.IdleStateHandler.channelRead(IdleStateHandler.java:286) ~[netty-handler-4.1.82.Final.jar%2383!/:4.1.82.Final]
	at io.netty.channel.AbstractChannelHandlerContext.invokeChannelRead(AbstractChannelHandlerContext.java:379) ~[netty-transport-4.1.82.Final.jar%2385!/:4.1.82.Final]
	at io.netty.channel.AbstractChannelHandlerContext.invokeChannelRead(AbstractChannelHandlerContext.java:365) ~[netty-transport-4.1.82.Final.jar%2385!/:4.1.82.Final]
	at io.netty.channel.AbstractChannelHandlerContext.fireChannelRead(AbstractChannelHandlerContext.java:357) ~[netty-transport-4.1.82.Final.jar%2385!/:4.1.82.Final]
	at io.netty.channel.DefaultChannelPipeline$HeadContext.channelRead(DefaultChannelPipeline.java:1410) ~[netty-transport-4.1.82.Final.jar%2385!/:4.1.82.Final]
	at io.netty.channel.AbstractChannelHandlerContext.invokeChannelRead(AbstractChannelHandlerContext.java:379) ~[netty-transport-4.1.82.Final.jar%2385!/:4.1.82.Final]
	at io.netty.channel.AbstractChannelHandlerContext.invokeChannelRead(AbstractChannelHandlerContext.java:365) ~[netty-transport-4.1.82.Final.jar%2385!/:4.1.82.Final]
	at io.netty.channel.DefaultChannelPipeline.fireChannelRead(DefaultChannelPipeline.java:919) ~[netty-transport-4.1.82.Final.jar%2385!/:4.1.82.Final]
	at io.netty.channel.epoll.AbstractEpollStreamChannel$EpollStreamUnsafe.epollInReady(AbstractEpollStreamChannel.java:800) ~[netty-transport-classes-epoll-4.1.82.Final.jar%2386!/:4.1.82.Final]
	at io.netty.channel.epoll.EpollEventLoop.processReady(EpollEventLoop.java:499) ~[netty-transport-classes-epoll-4.1.82.Final.jar%2386!/:4.1.82.Final]
	at io.netty.channel.epoll.EpollEventLoop.run(EpollEventLoop.java:397) ~[netty-transport-classes-epoll-4.1.82.Final.jar%2386!/:4.1.82.Final]
	at io.netty.util.concurrent.SingleThreadEventExecutor$4.run(SingleThreadEventExecutor.java:997) ~[netty-common-4.1.82.Final.jar%2382!/:4.1.82.Final]
	at io.netty.util.internal.ThreadExecutorMap$2.run(ThreadExecutorMap.java:74) ~[netty-common-4.1.82.Final.jar%2382!/:4.1.82.Final]
	at java.lang.Thread.run(Thread.java:1583) ~[?:?]
Caused by: java.lang.IndexOutOfBoundsException: Index 1 out of bounds for length 1
	at jdk.internal.util.Preconditions.outOfBounds(Preconditions.java:100) ~[?:?]
	at jdk.internal.util.Preconditions.outOfBoundsCheckIndex(Preconditions.java:106) ~[?:?]
	at jdk.internal.util.Preconditions.checkIndex(Preconditions.java:302) ~[?:?]
	at java.util.Objects.checkIndex(Objects.java:385) ~[?:?]
	at java.util.ArrayList.get(ArrayList.java:427) ~[?:?]
	at net.minecraft.network.ConnectionProtocol$PacketSet.m_178327_(ConnectionProtocol.java:458) ~[server-1.20.1-20230612.114412-srg.jar%23491!/:?]
	at net.minecraft.network.ConnectionProtocol.m_178321_(ConnectionProtocol.java:522) ~[server-1.20.1-20230612.114412-srg.jar%23491!/:?]
	at net.minecraft.network.PacketDecoder.redirect$bhg000$connectivity$checkDecodingError(PacketDecoder.java:568) ~[server-1.20.1-20230612.114412-srg.jar%23491!/:?]
	at net.minecraft.network.PacketDecoder.decode(PacketDecoder.java:32) ~[server-1.20.1-20230612.114412-srg.jar%23491!/:?]
	at io.netty.handler.codec.ByteToMessageDecoder.decodeRemovalReentryProtection(ByteToMessageDecoder.java:519) ~[netty-codec-4.1.82.Final.jar%2381!/:4.1.82.Final]
	at io.netty.handler.codec.ByteToMessageDecoder.callDecode(ByteToMessageDecoder.java:458) ~[netty-codec-4.1.82.Final.jar%2381!/:4.1.82.Final]
	... 29 more
[10Dec2024 00:04:06.277] [Netty Epoll Server IO #1/WARN] [com.connectivity.Connectivity/]: Packet:ClientIntentionPacket  id 0 larger than expected error detected, printing packet and buffer. Stacktrace gets logged after this
[10Dec2024 00:04:06.278] [Netty Epoll Server IO #1/WARN] [com.connectivity.Connectivity/]: Packet data:
{
  "f_134720_": 238,
  "f_134721_": "",
  "f_134722_": 234,
  "fmlVersion": "NONE"
}
[10Dec2024 00:04:06.279] [Netty Epoll Server IO #1/WARN] [com.connectivity.Connectivity/]: Packet:PooledUnsafeDirectByteBuf  id 0 data of 30 extra bytes: 
[10Dec2024 00:04:06.279] [Netty Epoll Server IO #1/WARN] [com.connectivity.Connectivity/]: Packet data:
[
  "gAty|dhe{\""
]
[10Dec2024 00:04:06.282] [Netty Epoll Server IO #1/WARN] [com.connectivity.Connectivity/]: Network error in:packet_handler with:net.minecraft.server.network.ServerHandshakePacketListenerImpl@766031ba
io.netty.handler.codec.DecoderException: java.io.IOException: Packet -1/0 (ClientIntentionPacket) was larger than I expected, found 30 bytes extra whilst reading packet 0
	at io.netty.handler.codec.ByteToMessageDecoder.callDecode(ByteToMessageDecoder.java:489) ~[netty-codec-4.1.82.Final.jar%2381!/:4.1.82.Final]
	at io.netty.handler.codec.ByteToMessageDecoder.channelInputClosed(ByteToMessageDecoder.java:416) ~[netty-codec-4.1.82.Final.jar%2381!/:4.1.82.Final]
	at io.netty.handler.codec.ByteToMessageDecoder.channelInputClosed(ByteToMessageDecoder.java:383) ~[netty-codec-4.1.82.Final.jar%2381!/:4.1.82.Final]
	at io.netty.handler.codec.ByteToMessageDecoder.channelInactive(ByteToMessageDecoder.java:366) ~[netty-codec-4.1.82.Final.jar%2381!/:4.1.82.Final]
	at io.netty.channel.AbstractChannelHandlerContext.invokeChannelInactive(AbstractChannelHandlerContext.java:262) ~[netty-transport-4.1.82.Final.jar%2385!/:4.1.82.Final]
	at io.netty.channel.AbstractChannelHandlerContext.invokeChannelInactive(AbstractChannelHandlerContext.java:248) ~[netty-transport-4.1.82.Final.jar%2385!/:4.1.82.Final]
	at io.netty.channel.AbstractChannelHandlerContext.fireChannelInactive(AbstractChannelHandlerContext.java:241) ~[netty-transport-4.1.82.Final.jar%2385!/:4.1.82.Final]
	at io.netty.handler.codec.ByteToMessageDecoder.channelInputClosed(ByteToMessageDecoder.java:401) ~[netty-codec-4.1.82.Final.jar%2381!/:4.1.82.Final]
	at io.netty.handler.codec.ByteToMessageDecoder.channelInactive(ByteToMessageDecoder.java:366) ~[netty-codec-4.1.82.Final.jar%2381!/:4.1.82.Final]
	at io.netty.channel.AbstractChannelHandlerContext.invokeChannelInactive(AbstractChannelHandlerContext.java:262) ~[netty-transport-4.1.82.Final.jar%2385!/:4.1.82.Final]
	at io.netty.channel.AbstractChannelHandlerContext.invokeChannelInactive(AbstractChannelHandlerContext.java:248) ~[netty-transport-4.1.82.Final.jar%2385!/:4.1.82.Final]
	at io.netty.channel.AbstractChannelHandlerContext.fireChannelInactive(AbstractChannelHandlerContext.java:241) ~[netty-transport-4.1.82.Final.jar%2385!/:4.1.82.Final]
	at io.netty.channel.ChannelInboundHandlerAdapter.channelInactive(ChannelInboundHandlerAdapter.java:81) ~[netty-transport-4.1.82.Final.jar%2385!/:4.1.82.Final]
	at io.netty.handler.timeout.IdleStateHandler.channelInactive(IdleStateHandler.java:277) ~[netty-handler-4.1.82.Final.jar%2383!/:4.1.82.Final]
	at io.netty.channel.AbstractChannelHandlerContext.invokeChannelInactive(AbstractChannelHandlerContext.java:262) ~[netty-transport-4.1.82.Final.jar%2385!/:4.1.82.Final]
	at io.netty.channel.AbstractChannelHandlerContext.invokeChannelInactive(AbstractChannelHandlerContext.java:248) ~[netty-transport-4.1.82.Final.jar%2385!/:4.1.82.Final]
	at io.netty.channel.AbstractChannelHandlerContext.fireChannelInactive(AbstractChannelHandlerContext.java:241) ~[netty-transport-4.1.82.Final.jar%2385!/:4.1.82.Final]
	at io.netty.channel.DefaultChannelPipeline$HeadContext.channelInactive(DefaultChannelPipeline.java:1405) ~[netty-transport-4.1.82.Final.jar%2385!/:4.1.82.Final]
	at io.netty.channel.AbstractChannelHandlerContext.invokeChannelInactive(AbstractChannelHandlerContext.java:262) ~[netty-transport-4.1.82.Final.jar%2385!/:4.1.82.Final]
	at io.netty.channel.AbstractChannelHandlerContext.invokeChannelInactive(AbstractChannelHandlerContext.java:248) ~[netty-transport-4.1.82.Final.jar%2385!/:4.1.82.Final]
	at io.netty.channel.DefaultChannelPipeline.fireChannelInactive(DefaultChannelPipeline.java:901) ~[netty-transport-4.1.82.Final.jar%2385!/:4.1.82.Final]
	at io.netty.channel.AbstractChannel$AbstractUnsafe$7.run(AbstractChannel.java:813) ~[netty-transport-4.1.82.Final.jar%2385!/:4.1.82.Final]
	at io.netty.util.concurrent.AbstractEventExecutor.runTask(AbstractEventExecutor.java:174) ~[netty-common-4.1.82.Final.jar%2382!/:4.1.82.Final]
	at io.netty.util.concurrent.AbstractEventExecutor.safeExecute(AbstractEventExecutor.java:167) ~[netty-common-4.1.82.Final.jar%2382!/:4.1.82.Final]
	at io.netty.util.concurrent.SingleThreadEventExecutor.runAllTasks(SingleThreadEventExecutor.java:470) ~[netty-common-4.1.82.Final.jar%2382!/:4.1.82.Final]
	at io.netty.channel.epoll.EpollEventLoop.run(EpollEventLoop.java:403) ~[netty-transport-classes-epoll-4.1.82.Final.jar%2386!/:4.1.82.Final]
	at io.netty.util.concurrent.SingleThreadEventExecutor$4.run(SingleThreadEventExecutor.java:997) ~[netty-common-4.1.82.Final.jar%2382!/:4.1.82.Final]
	at io.netty.util.internal.ThreadExecutorMap$2.run(ThreadExecutorMap.java:74) ~[netty-common-4.1.82.Final.jar%2382!/:4.1.82.Final]
	at java.lang.Thread.run(Thread.java:1583) ~[?:?]
Caused by: java.io.IOException: Packet -1/0 (ClientIntentionPacket) was larger than I expected, found 30 bytes extra whilst reading packet 0
	at net.minecraft.network.PacketDecoder.handler$bhg000$connectivity$onDecode(PacketDecoder.java:560) ~[server-1.20.1-20230612.114412-srg.jar%23491!/:?]
	at net.minecraft.network.PacketDecoder.decode(PacketDecoder.java:47) ~[server-1.20.1-20230612.114412-srg.jar%23491!/:?]
	at io.netty.handler.codec.ByteToMessageDecoder.decodeRemovalReentryProtection(ByteToMessageDecoder.java:519) ~[netty-codec-4.1.82.Final.jar%2381!/:4.1.82.Final]
	at io.netty.handler.codec.ByteToMessageDecoder.callDecode(ByteToMessageDecoder.java:458) ~[netty-codec-4.1.82.Final.jar%2381!/:4.1.82.Final]
	... 28 more
[10Dec2024 00:06:15.579] [Netty Epoll Server IO #3/WARN] [com.connectivity.Connectivity/]: Network error in:packet_handler with:net.minecraft.server.network.ServerHandshakePacketListenerImpl@9bc7f9e
io.netty.handler.timeout.ReadTimeoutException: null
[10Dec2024 00:11:01.053] [Server thread/WARN] [net.minecraft.server.MinecraftServer/]: Can't keep up! Is the server overloaded? Running 4460ms or 89 ticks behind
[10Dec2024 00:12:26.296] [Server thread/INFO] [net.minecraft.server.MinecraftServer/]: [softfer: Set the time to 1000]
[10Dec2024 00:12:26.338] [Server thread/INFO] [de.mrjulsen.crn.CreateRailwaysNavigator/]: All times have been corrected: -12948 Ticks
[10Dec2024 00:17:04.585] [Server thread/INFO] [net.minecraft.server.MinecraftServer/]: softfer has made the advancement [Taking from the Dead]
[10Dec2024 00:17:34.133] [Server thread/WARN] [net.minecraft.world.level.entity.PersistentEntitySectionManager/]: UUID of added entity already exists: FallingBlockEntity['Falling Gravel'/16818, l='ServerLevel[world]', x=196.50, y=61.00, z=-485.50]
[10Dec2024 00:22:20.936] [Server thread/INFO] [net.minecraft.server.MinecraftServer/]: [softfer: Set the time to 1000]
[10Dec2024 00:22:20.987] [Server thread/INFO] [de.mrjulsen.crn.CreateRailwaysNavigator/]: All times have been corrected: -11906 Ticks
[10Dec2024 00:24:34.899] [Server thread/WARN] [net.minecraft.world.level.entity.PersistentEntitySectionManager/]: UUID of added entity already exists: FallingBlockEntity['Falling Gravel'/18305, l='ServerLevel[world]', x=203.50, y=61.00, z=-458.50]
[10Dec2024 00:29:04.588] [Server thread/INFO] [net.minecraft.world.entity.npc.Villager/]: Villager VillagerEntityMCA['Ahmed'/222, l='ServerLevel[world]', x=402.15, y=61.05, z=246.76] died, message: 'Ahmed drowned'
[10Dec2024 00:29:04.589] [Server thread/INFO] [net.minecraft.world.entity.LivingEntity/]: Named entity VillagerEntityMCA['Ahmed'/222, l='ServerLevel[world]', x=402.15, y=61.05, z=246.76] died: Ahmed drowned
[10Dec2024 00:29:04.595] [Server thread/INFO] [com.teampotato.redirector.Redirector/]: Redirecting forge/net/mca/server/world/data/GraveyardManager$TombstoneState
[10Dec2024 00:29:04.602] [Server thread/INFO] [com.teampotato.redirector.Redirector/]: Redirecting forge/net/mca/entity/ai/relationship/RelationshipType
[10Dec2024 00:36:30.927] [Server thread/INFO] [hordes/]: [net.smileycorp.hordes.hordeevent.capability.HordeEvent@44539efb]Trying to start horde event on day 52 with nextDay 50 and time 18000
[10Dec2024 00:36:30.932] [Server thread/INFO] [hordes/]: Applying script hordes:default for event net.smileycorp.hordes.common.event.HordeBuildSpawnDataEvent@41c3eec9
[10Dec2024 00:36:30.935] [Server thread/INFO] [hordes/]: Adding entry HordeSpawnEntry[type=entity.minecraft.zombie_horse,weight=3,minDay=20,maxDay=40] to hordespawn on day 40
[10Dec2024 00:36:30.935] [Server thread/INFO] [hordes/]: Adding entry HordeSpawnEntry[type=entity.minecraft.husk,weight=40,minDay=20,maxDay=40] to hordespawn on day 40
[10Dec2024 00:36:30.936] [Server thread/INFO] [hordes/]: Adding entry HordeSpawnEntry[type=entity.minecraft.drowned,weight=3,minDay=30,maxDay=40]{{HandItems:[{Count:1,id:"trident"}]}} to hordespawn on day 40
[10Dec2024 00:36:30.936] [Server thread/INFO] [hordes/]: Adding entry HordeSpawnEntry[type=entity.minecraft.zoglin,weight=3,minDay=40,maxDay=40] to hordespawn on day 40
[10Dec2024 00:36:30.936] [Server thread/INFO] [hordes/]: Adding entry HordeSpawnEntry[type=entity.minecraft.zombified_piglin,weight=10,minDay=40,maxDay=0] to hordespawn on day 40
[10Dec2024 00:36:30.978] [Server thread/INFO] [hordes/]: Adding entry HordeSpawnEntry[type=entity.minecraft.zombified_piglin,weight=10,minDay=40,maxDay=0] to hordespawn on day 50
[10Dec2024 00:36:30.978] [Server thread/INFO] [hordes/]: Adding entry HordeSpawnEntry[type=entity.minecraft.husk,weight=25,minDay=50,maxDay=0] to hordespawn on day 50
[10Dec2024 00:36:30.979] [Server thread/INFO] [hordes/]: Adding entry HordeSpawnEntry[type=entity.minecraft.zoglin,weight=3,minDay=50,maxDay=0]{{Passengers:[{HandItems:[{Count:1,id:"trident"}],id:"drowned"}]}} to hordespawn on day 50
[10Dec2024 00:36:30.979] [Server thread/INFO] [hordes/]: Adding entry HordeSpawnEntry[type=entity.minecraft.zombie_horse,weight=3,minDay=50,maxDay=0]{{Passengers:[{HandItems:[{Count:1,id:"trident"}],id:"drowned"}]}} to hordespawn on day 50
[10Dec2024 00:36:35.435] [Server thread/INFO] [net.minecraft.server.MinecraftServer/]: [softfer: Set the time to 1000]
[10Dec2024 00:36:35.481] [Server thread/INFO] [de.mrjulsen.crn.CreateRailwaysNavigator/]: All times have been corrected: -17089 Ticks
[10Dec2024 00:37:20.995] [Server thread/INFO] [hordes/]: Adding entry HordeSpawnEntry[type=entity.minecraft.zombified_piglin,weight=10,minDay=40,maxDay=0] to hordespawn on day 50
[10Dec2024 00:37:20.996] [Server thread/INFO] [hordes/]: Adding entry HordeSpawnEntry[type=entity.minecraft.husk,weight=25,minDay=50,maxDay=0] to hordespawn on day 50
[10Dec2024 00:37:20.996] [Server thread/INFO] [hordes/]: Adding entry HordeSpawnEntry[type=entity.minecraft.zoglin,weight=3,minDay=50,maxDay=0]{{Passengers:[{HandItems:[{Count:1,id:"trident"}],id:"drowned"}],id:"minecraft:zoglin"}} to hordespawn on day 50
[10Dec2024 00:37:20.996] [Server thread/INFO] [hordes/]: Adding entry HordeSpawnEntry[type=entity.minecraft.zombie_horse,weight=3,minDay=50,maxDay=0]{{Passengers:[{HandItems:[{Count:1,id:"trident"}],id:"drowned"}]}} to hordespawn on day 50
[10Dec2024 00:38:10.974] [Server thread/INFO] [hordes/]: Adding entry HordeSpawnEntry[type=entity.minecraft.zombified_piglin,weight=10,minDay=40,maxDay=0] to hordespawn on day 50
[10Dec2024 00:38:10.975] [Server thread/INFO] [hordes/]: Adding entry HordeSpawnEntry[type=entity.minecraft.husk,weight=25,minDay=50,maxDay=0] to hordespawn on day 50
[10Dec2024 00:38:10.975] [Server thread/INFO] [hordes/]: Adding entry HordeSpawnEntry[type=entity.minecraft.zoglin,weight=3,minDay=50,maxDay=0]{{Passengers:[{HandItems:[{Count:1,id:"trident"}],id:"drowned"}],id:"minecraft:zoglin"}} to hordespawn on day 50
[10Dec2024 00:38:10.975] [Server thread/INFO] [hordes/]: Adding entry HordeSpawnEntry[type=entity.minecraft.zombie_horse,weight=3,minDay=50,maxDay=0]{{AbsorptionAmount:0.0f,Age:0,ArmorDropChances:[0.085f,0.085f,0.085f,0.085f],ArmorItems:[{},{},{},{}],Attributes:[{Base:35.0d,Modifiers:[{Amount:0.03717179144611332d,Name:"Random spawn bonus",Operation:1,UUID:[I;-296724963,44650027,-1947451000,-1216101600]}],Name:"minecraft:generic.follow_range"},{Base:0.5087316315169763d,Name:"minecraft:horse.jump_strength"}],BannerStack:{Count:0b,id:"minecraft:air",tag:{}},Brain:{memories:{}},Bred:0b,CanPickUpLoot:0b,CitadelData:{},ConversionTime:-1,DeathTime:0s,EatingHaystack:0b,FallFlying:0b,ForcedAge:0,GoldenAirSupply:0.0f,HandDropChances:[0.085f,0.085f],HandItems:[{},{}],Health:15.0f,HurtByTimestamp:0,HurtTime:0s,InLove:0,LeftHanded:0b,Passengers:[{HandItems:[{Count:1,id:"trident"}],id:"drowned"}],PersistenceRequired:0b,SoundCooldown:0,Tame:0b,Temper:0,UsingSpectreBoundedSpyglass:0b,id:"minecraft:zombie_horse",monster_anger:{suspects:[]},monster_listener:{event_delay:0,selector:{tick:-1L}}}} to hordespawn on day 50
[10Dec2024 00:39:00.975] [Server thread/INFO] [hordes/]: Adding entry HordeSpawnEntry[type=entity.minecraft.zombified_piglin,weight=10,minDay=40,maxDay=0] to hordespawn on day 50
[10Dec2024 00:39:00.975] [Server thread/INFO] [hordes/]: Adding entry HordeSpawnEntry[type=entity.minecraft.husk,weight=25,minDay=50,maxDay=0] to hordespawn on day 50
[10Dec2024 00:39:00.975] [Server thread/INFO] [hordes/]: Adding entry HordeSpawnEntry[type=entity.minecraft.zoglin,weight=3,minDay=50,maxDay=0]{{Passengers:[{HandItems:[{Count:1,id:"trident"}],id:"drowned"}],id:"minecraft:zoglin"}} to hordespawn on day 50
[10Dec2024 00:39:00.976] [Server thread/INFO] [hordes/]: Adding entry HordeSpawnEntry[type=entity.minecraft.zombie_horse,weight=3,minDay=50,maxDay=0]{{AbsorptionAmount:0.0f,Age:0,ArmorDropChances:[0.085f,0.085f,0.085f,0.085f],ArmorItems:[{},{},{},{}],Attributes:[{Base:35.0d,Modifiers:[{Amount:0.06253835424535054d,Name:"Random spawn bonus",Operation:1,UUID:[I;1574282405,651183591,-1614480816,56052679]}],Name:"minecraft:generic.follow_range"},{Base:0.9649400780553399d,Name:"minecraft:horse.jump_strength"}],BannerStack:{Count:0b,id:"minecraft:air",tag:{}},Brain:{memories:{}},Bred:0b,CanPickUpLoot:0b,CitadelData:{},ConversionTime:-1,DeathTime:0s,EatingHaystack:0b,FallFlying:0b,ForcedAge:0,GoldenAirSupply:0.0f,HandDropChances:[0.085f,0.085f],HandItems:[{},{}],Health:15.0f,HurtByTimestamp:0,HurtTime:0s,InLove:0,LeftHanded:0b,Passengers:[{HandItems:[{Count:1,id:"trident"}],id:"drowned"}],PersistenceRequired:0b,SoundCooldown:0,Tame:0b,Temper:0,UsingSpectreBoundedSpyglass:0b,id:"minecraft:zombie_horse",monster_anger:{suspects:[]},monster_listener:{event_delay:0,selector:{tick:-1L}}}} to hordespawn on day 50
[10Dec2024 00:39:50.977] [Server thread/INFO] [hordes/]: Adding entry HordeSpawnEntry[type=entity.minecraft.zombified_piglin,weight=10,minDay=40,maxDay=0] to hordespawn on day 50
[10Dec2024 00:39:50.977] [Server thread/INFO] [hordes/]: Adding entry HordeSpawnEntry[type=entity.minecraft.husk,weight=25,minDay=50,maxDay=0] to hordespawn on day 50
[10Dec2024 00:39:50.977] [Server thread/INFO] [hordes/]: Adding entry HordeSpawnEntry[type=entity.minecraft.zoglin,weight=3,minDay=50,maxDay=0]{{Passengers:[{HandItems:[{Count:1,id:"trident"}],id:"drowned"}],id:"minecraft:zoglin"}} to hordespawn on day 50
[10Dec2024 00:39:50.978] [Server thread/INFO] [hordes/]: Adding entry HordeSpawnEntry[type=entity.minecraft.zombie_horse,weight=3,minDay=50,maxDay=0]{{AbsorptionAmount:0.0f,Age:0,ArmorDropChances:[0.085f,0.085f,0.085f,0.085f],ArmorItems:[{},{},{},{}],Attributes:[{Base:35.0d,Modifiers:[{Amount:0.05027440897260047d,Name:"Random spawn bonus",Operation:1,UUID:[I;1049539020,1182614921,-1658107596,-1399708443]}],Name:"minecraft:generic.follow_range"},{Base:0.8364134758289604d,Name:"minecraft:horse.jump_strength"}],BannerStack:{Count:0b,id:"minecraft:air",tag:{}},Brain:{memories:{}},Bred:0b,CanPickUpLoot:0b,CitadelData:{},ConversionTime:-1,DeathTime:0s,EatingHaystack:0b,FallFlying:0b,ForcedAge:0,GoldenAirSupply:0.0f,HandDropChances:[0.085f,0.085f],HandItems:[{},{}],Health:15.0f,HurtByTimestamp:0,HurtTime:0s,InLove:0,LeftHanded:0b,Passengers:[{HandItems:[{Count:1,id:"trident"}],id:"drowned"}],PersistenceRequired:0b,SoundCooldown:0,Tame:0b,Temper:0,UsingSpectreBoundedSpyglass:0b,id:"minecraft:zombie_horse",monster_anger:{suspects:[]},monster_listener:{event_delay:0,selector:{tick:-1L}}}} to hordespawn on day 50
[10Dec2024 00:40:40.974] [Server thread/INFO] [hordes/]: Adding entry HordeSpawnEntry[type=entity.minecraft.zombified_piglin,weight=10,minDay=40,maxDay=0] to hordespawn on day 50
[10Dec2024 00:40:40.974] [Server thread/INFO] [hordes/]: Adding entry HordeSpawnEntry[type=entity.minecraft.husk,weight=25,minDay=50,maxDay=0] to hordespawn on day 50
[10Dec2024 00:40:40.975] [Server thread/INFO] [hordes/]: Adding entry HordeSpawnEntry[type=entity.minecraft.zoglin,weight=3,minDay=50,maxDay=0]{{Passengers:[{HandItems:[{Count:1,id:"trident"}],id:"drowned"}],id:"minecraft:zoglin"}} to hordespawn on day 50
[10Dec2024 00:40:40.975] [Server thread/INFO] [hordes/]: Adding entry HordeSpawnEntry[type=entity.minecraft.zombie_horse,weight=3,minDay=50,maxDay=0]{{AbsorptionAmount:0.0f,Age:0,ArmorDropChances:[0.085f,0.085f,0.085f,0.085f],ArmorItems:[{},{},{},{}],Attributes:[{Base:35.0d,Modifiers:[{Amount:0.03380809592306636d,Name:"Random spawn bonus",Operation:1,UUID:[I;854108241,1486899326,-1876723851,-1025765994]}],Name:"minecraft:generic.follow_range"},{Base:0.7343213065327447d,Name:"minecraft:horse.jump_strength"}],BannerStack:{Count:0b,id:"minecraft:air",tag:{}},Brain:{memories:{}},Bred:0b,CanPickUpLoot:0b,CitadelData:{},ConversionTime:-1,DeathTime:0s,EatingHaystack:0b,FallFlying:0b,ForcedAge:0,GoldenAirSupply:0.0f,HandDropChances:[0.085f,0.085f],HandItems:[{},{}],Health:15.0f,HurtByTimestamp:0,HurtTime:0s,InLove:0,LeftHanded:0b,Passengers:[{HandItems:[{Count:1,id:"trident"}],id:"drowned"}],PersistenceRequired:0b,SoundCooldown:0,Tame:0b,Temper:0,UsingSpectreBoundedSpyglass:0b,id:"minecraft:zombie_horse",monster_anger:{suspects:[]},monster_listener:{event_delay:0,selector:{tick:-1L}}}} to hordespawn on day 50
[10Dec2024 00:41:06.030] [Server thread/INFO] [net.minecraft.server.MinecraftServer/]: [softfer: Killed all storms]
