2024-11-27 11:50:55,741 [modloading-worker-0] WARN treasure2 | TreasureLootTableRegistry.java:173 | unable to locate file in jar -> data/treasure2/loot_tables/injects
2024-11-27 11:51:13,408 [main] INFO treasure2 | TreasureTags.java:135 | in tags updated event
2024-11-27 11:51:13,409 [main] INFO treasure2 | TreasureTags.java:152 | registering key -> treasure2:stone_key by rarity -> COMMON
2024-11-27 11:51:13,409 [main] INFO treasure2 | TreasureTags.java:152 | registering key -> treasure2:leaf_key by rarity -> UNCOMMON
2024-11-27 11:51:13,409 [main] INFO treasure2 | TreasureTags.java:152 | registering key -> treasure2:gold_key by rarity -> SCARCE
2024-11-27 11:51:13,409 [main] INFO treasure2 | TreasureTags.java:152 | registering key -> treasure2:diamond_key by rarity -> RARE
2024-11-27 11:51:13,410 [main] INFO treasure2 | TreasureTags.java:152 | registering key -> treasure2:thiefs_lock_pick by rarity -> UNCOMMON
2024-11-27 11:51:13,410 [main] INFO treasure2 | TreasureTags.java:152 | registering key -> treasure2:ember_key by rarity -> SCARCE
2024-11-27 11:51:13,410 [main] INFO treasure2 | TreasureTags.java:152 | registering key -> treasure2:wood_key by rarity -> COMMON
2024-11-27 11:51:13,410 [main] INFO treasure2 | TreasureTags.java:152 | registering key -> treasure2:metallurgists_key by rarity -> RARE
2024-11-27 11:51:13,410 [main] INFO treasure2 | TreasureTags.java:152 | registering key -> treasure2:skeleton_key by rarity -> RARE
2024-11-27 11:51:13,410 [main] INFO treasure2 | TreasureTags.java:152 | registering key -> treasure2:jewelled_key by rarity -> EPIC
2024-11-27 11:51:13,410 [main] INFO treasure2 | TreasureTags.java:152 | registering key -> treasure2:ruby_key by rarity -> EPIC
2024-11-27 11:51:13,410 [main] INFO treasure2 | TreasureTags.java:152 | registering key -> treasure2:onyx_key by rarity -> SCARCE
2024-11-27 11:51:13,410 [main] INFO treasure2 | TreasureTags.java:152 | registering key -> treasure2:emerald_key by rarity -> RARE
2024-11-27 11:51:13,410 [main] INFO treasure2 | TreasureTags.java:152 | registering key -> treasure2:lightning_key by rarity -> SCARCE
2024-11-27 11:51:13,411 [main] INFO treasure2 | TreasureTags.java:152 | registering key -> treasure2:topaz_key by rarity -> SCARCE
2024-11-27 11:51:13,411 [main] INFO treasure2 | TreasureTags.java:152 | registering key -> treasure2:sapphire_key by rarity -> EPIC
2024-11-27 11:51:13,411 [main] INFO treasure2 | TreasureTags.java:152 | registering key -> treasure2:pilferers_lock_pick by rarity -> COMMON
2024-11-27 11:51:13,411 [main] INFO treasure2 | TreasureTags.java:152 | registering key -> treasure2:iron_key by rarity -> UNCOMMON
2024-11-27 11:51:13,411 [main] INFO treasure2 | TreasureTags.java:152 | registering key -> treasure2:wither_key by rarity -> RARE
2024-11-27 11:51:13,411 [main] INFO treasure2 | TreasureTags.java:152 | registering key -> treasure2:spider_key by rarity -> SCARCE
2024-11-27 11:51:13,411 [main] INFO treasure2 | TreasureTags.java:152 | registering key -> treasure2:one_key by rarity -> MYTHICAL
2024-11-27 11:51:13,411 [main] INFO treasure2 | TreasureTags.java:167 | registering lock -> treasure2:onyx_lock by rarity -> SCARCE
2024-11-27 11:51:13,411 [main] INFO treasure2 | TreasureTags.java:167 | registering lock -> treasure2:spider_lock by rarity -> SCARCE
2024-11-27 11:51:13,411 [main] INFO treasure2 | TreasureTags.java:167 | registering lock -> treasure2:emerald_lock by rarity -> RARE
2024-11-27 11:51:13,411 [main] INFO treasure2 | TreasureTags.java:167 | registering lock -> treasure2:ruby_lock by rarity -> EPIC
2024-11-27 11:51:13,412 [main] INFO treasure2 | TreasureTags.java:167 | registering lock -> treasure2:stone_lock by rarity -> COMMON
2024-11-27 11:51:13,412 [main] INFO treasure2 | TreasureTags.java:167 | registering lock -> treasure2:leaf_lock by rarity -> UNCOMMON
2024-11-27 11:51:13,412 [main] INFO treasure2 | TreasureTags.java:167 | registering lock -> treasure2:sapphire_lock by rarity -> EPIC
2024-11-27 11:51:13,412 [main] INFO treasure2 | TreasureTags.java:167 | registering lock -> treasure2:diamond_lock by rarity -> RARE
2024-11-27 11:51:13,412 [main] INFO treasure2 | TreasureTags.java:167 | registering lock -> treasure2:ember_lock by rarity -> SCARCE
2024-11-27 11:51:13,412 [main] INFO treasure2 | TreasureTags.java:167 | registering lock -> treasure2:gold_lock by rarity -> SCARCE
2024-11-27 11:51:13,412 [main] INFO treasure2 | TreasureTags.java:167 | registering lock -> treasure2:wood_lock by rarity -> COMMON
2024-11-27 11:51:13,412 [main] INFO treasure2 | TreasureTags.java:167 | registering lock -> treasure2:iron_lock by rarity -> UNCOMMON
2024-11-27 11:51:13,412 [main] INFO treasure2 | TreasureTags.java:167 | registering lock -> treasure2:topaz_lock by rarity -> SCARCE
2024-11-27 11:51:13,413 [main] INFO treasure2 | TreasureTags.java:184 | registering chest -> treasure2:barrel_chest by rarity -> UNCOMMON
2024-11-27 11:51:13,413 [main] INFO treasure2 | TreasureTags.java:184 | registering chest -> treasure2:viking_chest by rarity -> UNCOMMON
2024-11-27 11:51:13,413 [main] INFO treasure2 | TreasureTags.java:184 | registering chest -> treasure2:pirate_chest by rarity -> SCARCE
2024-11-27 11:51:13,413 [main] INFO treasure2 | TreasureTags.java:184 | registering chest -> treasure2:safe by rarity -> RARE
2024-11-27 11:51:13,413 [main] INFO treasure2 | TreasureTags.java:184 | registering chest -> treasure2:cauldron_chest by rarity -> CAULDRON
2024-11-27 11:51:13,413 [main] INFO treasure2 | TreasureTags.java:184 | registering chest -> treasure2:crate_chest by rarity -> UNCOMMON
2024-11-27 11:51:13,413 [main] INFO treasure2 | TreasureTags.java:184 | registering chest -> treasure2:crate_chest_moldy by rarity -> COMMON
2024-11-27 11:51:13,413 [main] INFO treasure2 | TreasureTags.java:184 | registering chest -> treasure2:dread_pirate_chest by rarity -> EPIC
2024-11-27 11:51:13,413 [main] INFO treasure2 | TreasureTags.java:184 | registering chest -> treasure2:spider_chest by rarity -> RARE
2024-11-27 11:51:13,413 [main] INFO treasure2 | TreasureTags.java:184 | registering chest -> treasure2:ironbound_chest by rarity -> UNCOMMON
2024-11-27 11:51:13,413 [main] INFO treasure2 | TreasureTags.java:184 | registering chest -> treasure2:skull_chest by rarity -> SKULL
2024-11-27 11:51:13,413 [main] INFO treasure2 | TreasureTags.java:184 | registering chest -> treasure2:milk_crate by rarity -> COMMON
2024-11-27 11:51:13,414 [main] INFO treasure2 | TreasureTags.java:184 | registering chest -> treasure2:vanilla_chest by rarity -> COMMON
2024-11-27 11:51:13,414 [main] INFO treasure2 | TreasureTags.java:184 | registering chest -> treasure2:gold_skull_chest by rarity -> GOLD_SKULL
2024-11-27 11:51:13,414 [main] INFO treasure2 | TreasureTags.java:184 | registering chest -> treasure2:gold_strongbox by rarity -> RARE
2024-11-27 11:51:13,414 [main] INFO treasure2 | TreasureTags.java:184 | registering chest -> treasure2:iron_strongbox by rarity -> SCARCE
2024-11-27 11:51:13,414 [main] INFO treasure2 | TreasureTags.java:184 | registering chest -> treasure2:crystal_skull_chest by rarity -> CRYSTAL_SKULL
2024-11-27 11:51:13,414 [main] INFO treasure2 | TreasureTags.java:184 | registering chest -> treasure2:wood_chest by rarity -> COMMON
2024-11-27 11:51:13,414 [main] INFO treasure2 | TreasureTags.java:184 | registering chest -> treasure2:wither_chest by rarity -> WITHER
2024-11-27 11:51:13,414 [main] INFO treasure2 | TreasureTags.java:184 | registering chest -> treasure2:compressor_chest by rarity -> EPIC
2024-11-27 11:51:13,414 [main] INFO treasure2 | TreasureTags.java:184 | registering chest -> treasure2:cardboard_box by rarity -> COMMON
2024-11-27 11:51:13,414 [main] INFO treasure2 | TreasureTags.java:201 | registering wishable -> treasure2:onyx by rarity -> RARE
2024-11-27 11:51:13,414 [main] INFO treasure2 | TreasureTags.java:201 | registering wishable -> treasure2:ruby by rarity -> RARE
2024-11-27 11:51:13,414 [main] INFO treasure2 | TreasureTags.java:201 | registering wishable -> treasure2:white_pearl by rarity -> RARE
2024-11-27 11:51:13,414 [main] INFO treasure2 | TreasureTags.java:201 | registering wishable -> treasure2:sapphire by rarity -> EPIC
2024-11-27 11:51:13,414 [main] INFO treasure2 | TreasureTags.java:201 | registering wishable -> treasure2:black_pearl by rarity -> EPIC
2024-11-27 11:51:13,415 [main] INFO treasure2 | TreasureTags.java:201 | registering wishable -> treasure2:gold_coin by rarity -> SCARCE
2024-11-27 11:51:13,415 [main] INFO treasure2 | TreasureTags.java:201 | registering wishable -> treasure2:topaz by rarity -> SCARCE
2024-11-27 11:51:13,415 [main] INFO treasure2 | TreasureTags.java:201 | registering wishable -> minecraft:diamond by rarity -> SCARCE
2024-11-27 11:51:13,416 [main] INFO treasure2 | TreasureTags.java:201 | registering wishable -> minecraft:emerald by rarity -> SCARCE
2024-11-27 11:51:13,416 [main] INFO treasure2 | TreasureTags.java:201 | registering wishable -> treasure2:silver_coin by rarity -> UNCOMMON
2024-11-27 11:51:13,416 [main] INFO treasure2 | TreasureTags.java:201 | registering wishable -> treasure2:copper_coin by rarity -> COMMON
2024-11-27 11:51:14,808 [Server thread] INFO treasure2 | Config.java:750 | transforming mob set config...
2024-11-27 11:51:14,811 [Server thread] INFO treasure2 | Config.java:759 | adding mobset to map -> MobSet{name='treasure2:wishing_well_group', category='wishing_wells', biomeWhitelist=[], biomeBlacklist=[], count=IntegerRange [min=1, max=3], mobs=[WeightedMob{name='minecraft:zombie', weight=35}, WeightedMob{name='minecraft:zombie_villager', weight=10}, WeightedMob{name='minecraft:skeleton', weight=35}, WeightedMob{name='minecraft:vex', weight=20}, WeightedMob{name='minecraft:creeper', weight=15}, WeightedMob{name='minecraft:slime', weight=5}]}
2024-11-27 11:51:14,811 [Server thread] INFO treasure2 | Config.java:759 | adding mobset to map -> MobSet{name='treasure2:small_zombie_group', category='zombies', biomeWhitelist=[], biomeBlacklist=[], count=IntegerRange [min=1, max=3], mobs=[WeightedMob{name='minecraft:zombie', weight=90}, WeightedMob{name='minecraft:zombie_villager', weight=10}]}
2024-11-27 11:51:14,811 [Server thread] INFO treasure2 | Config.java:759 | adding mobset to map -> MobSet{name='treasure2:medium_zombie_group', category='zombies', biomeWhitelist=[], biomeBlacklist=[], count=IntegerRange [min=2, max=5], mobs=[WeightedMob{name='minecraft:zombie', weight=90}, WeightedMob{name='minecraft:zombie_villager', weight=10}]}
2024-11-27 11:51:16,013 [Server thread] INFO treasure2 | WorldEventHandler.java:54 | In world load event
2024-11-27 11:51:16,014 [Server thread] INFO treasure2 | WorldEventHandler.java:64 | In world load event for dimension minecraft:overworld
2024-11-27 11:51:16,019 [Server thread] INFO treasure2 | MobSetRegistry.java:37 | mobSetConfig optional ...
2024-11-27 11:51:16,019 [Server thread] INFO treasure2 | MobSetRegistry.java:39 | mobSetConfig is present
2024-11-27 11:51:16,382 [Server thread] WARN treasure2 | TreasureTemplateRegistry.java:791 | biome -> 'minecraft:desert' is not registgered
2024-11-27 11:51:16,382 [Server thread] WARN treasure2 | TreasureTemplateRegistry.java:791 | biome -> 'minecraft:desert' is not registgered
2024-11-27 11:51:16,382 [Server thread] WARN treasure2 | TreasureTemplateRegistry.java:791 | biome -> 'minecraft:desert' is not registgered
2024-11-27 11:51:16,382 [Server thread] WARN treasure2 | TreasureTemplateRegistry.java:791 | biome -> 'minecraft:desert' is not registgered
2024-11-27 11:51:16,382 [Server thread] WARN treasure2 | TreasureTemplateRegistry.java:791 | biome -> 'minecraft:desert' is not registgered
2024-11-27 11:51:16,382 [Server thread] WARN treasure2 | TreasureTemplateRegistry.java:791 | biome -> 'minecraft:desert' is not registgered
2024-11-27 11:51:16,382 [Server thread] WARN treasure2 | TreasureTemplateRegistry.java:791 | biome -> 'minecraft:desert' is not registgered
2024-11-27 11:51:16,382 [Server thread] WARN treasure2 | TreasureTemplateRegistry.java:791 | biome -> 'minecraft:desert' is not registgered
2024-11-27 11:51:16,475 [Server thread] INFO treasure2 | WorldEventHandler.java:54 | In world load event
2024-11-27 11:51:16,475 [Server thread] INFO treasure2 | WorldEventHandler.java:64 | In world load event for dimension blue_skies:everdawn
2024-11-27 11:51:16,482 [Server thread] INFO treasure2 | WorldEventHandler.java:54 | In world load event
2024-11-27 11:51:16,483 [Server thread] INFO treasure2 | WorldEventHandler.java:64 | In world load event for dimension twilightforest:twilight_forest
2024-11-27 11:51:16,486 [Server thread] INFO treasure2 | WorldEventHandler.java:54 | In world load event
2024-11-27 11:51:16,486 [Server thread] INFO treasure2 | WorldEventHandler.java:64 | In world load event for dimension ad_astra:glacio_orbit
2024-11-27 11:51:16,494 [Server thread] INFO treasure2 | WorldEventHandler.java:54 | In world load event
2024-11-27 11:51:16,494 [Server thread] INFO treasure2 | WorldEventHandler.java:64 | In world load event for dimension the_bumblezone:the_bumblezone
2024-11-27 11:51:16,497 [Server thread] INFO treasure2 | WorldEventHandler.java:54 | In world load event
2024-11-27 11:51:16,497 [Server thread] INFO treasure2 | WorldEventHandler.java:64 | In world load event for dimension ad_astra:venus_orbit
2024-11-27 11:51:16,500 [Server thread] INFO treasure2 | WorldEventHandler.java:54 | In world load event
2024-11-27 11:51:16,500 [Server thread] INFO treasure2 | WorldEventHandler.java:64 | In world load event for dimension blue_skies:everbright
2024-11-27 11:51:16,515 [Server thread] INFO treasure2 | WorldEventHandler.java:54 | In world load event
2024-11-27 11:51:16,515 [Server thread] INFO treasure2 | WorldEventHandler.java:64 | In world load event for dimension minecraft:the_end
2024-11-27 11:51:16,524 [Server thread] INFO treasure2 | WorldEventHandler.java:54 | In world load event
2024-11-27 11:51:16,524 [Server thread] INFO treasure2 | WorldEventHandler.java:64 | In world load event for dimension minecraft:the_nether
2024-11-27 11:51:16,529 [Server thread] INFO treasure2 | WorldEventHandler.java:54 | In world load event
2024-11-27 11:51:16,529 [Server thread] INFO treasure2 | WorldEventHandler.java:64 | In world load event for dimension aether:the_aether
2024-11-27 11:51:16,540 [Server thread] INFO treasure2 | WorldEventHandler.java:54 | In world load event
2024-11-27 11:51:16,540 [Server thread] INFO treasure2 | WorldEventHandler.java:64 | In world load event for dimension ad_astra:glacio
2024-11-27 11:51:16,543 [Server thread] INFO treasure2 | WorldEventHandler.java:54 | In world load event
2024-11-27 11:51:16,543 [Server thread] INFO treasure2 | WorldEventHandler.java:64 | In world load event for dimension ad_astra:mars_orbit
2024-11-27 11:51:16,546 [Server thread] INFO treasure2 | WorldEventHandler.java:54 | In world load event
2024-11-27 11:51:16,546 [Server thread] INFO treasure2 | WorldEventHandler.java:64 | In world load event for dimension ad_astra:moon_orbit
2024-11-27 11:51:16,549 [Server thread] INFO treasure2 | WorldEventHandler.java:54 | In world load event
2024-11-27 11:51:16,549 [Server thread] INFO treasure2 | WorldEventHandler.java:64 | In world load event for dimension deeperdarker:otherside
2024-11-27 11:51:16,555 [Server thread] INFO treasure2 | WorldEventHandler.java:54 | In world load event
2024-11-27 11:51:16,555 [Server thread] INFO treasure2 | WorldEventHandler.java:64 | In world load event for dimension ad_astra:mercury
2024-11-27 11:51:16,562 [Server thread] INFO treasure2 | WorldEventHandler.java:54 | In world load event
2024-11-27 11:51:16,562 [Server thread] INFO treasure2 | WorldEventHandler.java:64 | In world load event for dimension ad_astra:mars
2024-11-27 11:51:16,567 [Server thread] INFO treasure2 | WorldEventHandler.java:54 | In world load event
2024-11-27 11:51:16,567 [Server thread] INFO treasure2 | WorldEventHandler.java:64 | In world load event for dimension ad_astra:moon
2024-11-27 11:51:16,591 [Server thread] INFO treasure2 | WorldEventHandler.java:54 | In world load event
2024-11-27 11:51:16,591 [Server thread] INFO treasure2 | WorldEventHandler.java:64 | In world load event for dimension graveyard:past
2024-11-27 11:51:16,594 [Server thread] INFO treasure2 | WorldEventHandler.java:54 | In world load event
2024-11-27 11:51:16,594 [Server thread] INFO treasure2 | WorldEventHandler.java:64 | In world load event for dimension ad_astra:earth_orbit
2024-11-27 11:51:16,597 [Server thread] INFO treasure2 | WorldEventHandler.java:54 | In world load event
2024-11-27 11:51:16,597 [Server thread] INFO treasure2 | WorldEventHandler.java:64 | In world load event for dimension ad_astra:mercury_orbit
2024-11-27 11:51:16,601 [Server thread] INFO treasure2 | WorldEventHandler.java:54 | In world load event
2024-11-27 11:51:16,601 [Server thread] INFO treasure2 | WorldEventHandler.java:64 | In world load event for dimension createteleporters:pocket_dimension
2024-11-27 11:51:16,608 [Server thread] INFO treasure2 | WorldEventHandler.java:54 | In world load event
2024-11-27 11:51:16,608 [Server thread] INFO treasure2 | WorldEventHandler.java:64 | In world load event for dimension ad_astra:venus
2024-11-27 11:57:46,103 [modloading-worker-0] WARN treasure2 | TreasureLootTableRegistry.java:173 | unable to locate file in jar -> data/treasure2/loot_tables/injects
2024-11-27 12:00:11,746 [modloading-worker-0] WARN treasure2 | TreasureLootTableRegistry.java:173 | unable to locate file in jar -> data/treasure2/loot_tables/injects
2024-11-27 12:03:12,090 [modloading-worker-0] WARN treasure2 | TreasureLootTableRegistry.java:173 | unable to locate file in jar -> data/treasure2/loot_tables/injects
2024-11-27 12:03:35,755 [main] INFO treasure2 | TreasureTags.java:135 | in tags updated event
2024-11-27 12:03:35,756 [main] INFO treasure2 | TreasureTags.java:152 | registering key -> treasure2:stone_key by rarity -> COMMON
2024-11-27 12:03:35,756 [main] INFO treasure2 | TreasureTags.java:152 | registering key -> treasure2:leaf_key by rarity -> UNCOMMON
2024-11-27 12:03:35,757 [main] INFO treasure2 | TreasureTags.java:152 | registering key -> treasure2:gold_key by rarity -> SCARCE
2024-11-27 12:03:35,757 [main] INFO treasure2 | TreasureTags.java:152 | registering key -> treasure2:diamond_key by rarity -> RARE
2024-11-27 12:03:35,757 [main] INFO treasure2 | TreasureTags.java:152 | registering key -> treasure2:thiefs_lock_pick by rarity -> UNCOMMON
2024-11-27 12:03:35,757 [main] INFO treasure2 | TreasureTags.java:152 | registering key -> treasure2:ember_key by rarity -> SCARCE
2024-11-27 12:03:35,757 [main] INFO treasure2 | TreasureTags.java:152 | registering key -> treasure2:wood_key by rarity -> COMMON
2024-11-27 12:03:35,757 [main] INFO treasure2 | TreasureTags.java:152 | registering key -> treasure2:metallurgists_key by rarity -> RARE
2024-11-27 12:03:35,758 [main] INFO treasure2 | TreasureTags.java:152 | registering key -> treasure2:skeleton_key by rarity -> RARE
2024-11-27 12:03:35,758 [main] INFO treasure2 | TreasureTags.java:152 | registering key -> treasure2:jewelled_key by rarity -> EPIC
2024-11-27 12:03:35,758 [main] INFO treasure2 | TreasureTags.java:152 | registering key -> treasure2:ruby_key by rarity -> EPIC
2024-11-27 12:03:35,758 [main] INFO treasure2 | TreasureTags.java:152 | registering key -> treasure2:onyx_key by rarity -> SCARCE
2024-11-27 12:03:35,758 [main] INFO treasure2 | TreasureTags.java:152 | registering key -> treasure2:emerald_key by rarity -> RARE
2024-11-27 12:03:35,758 [main] INFO treasure2 | TreasureTags.java:152 | registering key -> treasure2:lightning_key by rarity -> SCARCE
2024-11-27 12:03:35,758 [main] INFO treasure2 | TreasureTags.java:152 | registering key -> treasure2:topaz_key by rarity -> SCARCE
2024-11-27 12:03:35,758 [main] INFO treasure2 | TreasureTags.java:152 | registering key -> treasure2:sapphire_key by rarity -> EPIC
2024-11-27 12:03:35,758 [main] INFO treasure2 | TreasureTags.java:152 | registering key -> treasure2:pilferers_lock_pick by rarity -> COMMON
2024-11-27 12:03:35,758 [main] INFO treasure2 | TreasureTags.java:152 | registering key -> treasure2:iron_key by rarity -> UNCOMMON
2024-11-27 12:03:35,758 [main] INFO treasure2 | TreasureTags.java:152 | registering key -> treasure2:wither_key by rarity -> RARE
2024-11-27 12:03:35,759 [main] INFO treasure2 | TreasureTags.java:152 | registering key -> treasure2:spider_key by rarity -> SCARCE
2024-11-27 12:03:35,759 [main] INFO treasure2 | TreasureTags.java:152 | registering key -> treasure2:one_key by rarity -> MYTHICAL
2024-11-27 12:03:35,760 [main] INFO treasure2 | TreasureTags.java:167 | registering lock -> treasure2:onyx_lock by rarity -> SCARCE
2024-11-27 12:03:35,760 [main] INFO treasure2 | TreasureTags.java:167 | registering lock -> treasure2:spider_lock by rarity -> SCARCE
2024-11-27 12:03:35,760 [main] INFO treasure2 | TreasureTags.java:167 | registering lock -> treasure2:emerald_lock by rarity -> RARE
2024-11-27 12:03:35,760 [main] INFO treasure2 | TreasureTags.java:167 | registering lock -> treasure2:ruby_lock by rarity -> EPIC
2024-11-27 12:03:35,760 [main] INFO treasure2 | TreasureTags.java:167 | registering lock -> treasure2:stone_lock by rarity -> COMMON
2024-11-27 12:03:35,760 [main] INFO treasure2 | TreasureTags.java:167 | registering lock -> treasure2:leaf_lock by rarity -> UNCOMMON
2024-11-27 12:03:35,760 [main] INFO treasure2 | TreasureTags.java:167 | registering lock -> treasure2:sapphire_lock by rarity -> EPIC
2024-11-27 12:03:35,760 [main] INFO treasure2 | TreasureTags.java:167 | registering lock -> treasure2:diamond_lock by rarity -> RARE
2024-11-27 12:03:35,760 [main] INFO treasure2 | TreasureTags.java:167 | registering lock -> treasure2:ember_lock by rarity -> SCARCE
2024-11-27 12:03:35,760 [main] INFO treasure2 | TreasureTags.java:167 | registering lock -> treasure2:gold_lock by rarity -> SCARCE
2024-11-27 12:03:35,760 [main] INFO treasure2 | TreasureTags.java:167 | registering lock -> treasure2:wood_lock by rarity -> COMMON
2024-11-27 12:03:35,760 [main] INFO treasure2 | TreasureTags.java:167 | registering lock -> treasure2:iron_lock by rarity -> UNCOMMON
2024-11-27 12:03:35,761 [main] INFO treasure2 | TreasureTags.java:167 | registering lock -> treasure2:topaz_lock by rarity -> SCARCE
2024-11-27 12:03:35,761 [main] INFO treasure2 | TreasureTags.java:184 | registering chest -> treasure2:barrel_chest by rarity -> UNCOMMON
2024-11-27 12:03:35,761 [main] INFO treasure2 | TreasureTags.java:184 | registering chest -> treasure2:viking_chest by rarity -> UNCOMMON
2024-11-27 12:03:35,761 [main] INFO treasure2 | TreasureTags.java:184 | registering chest -> treasure2:pirate_chest by rarity -> SCARCE
2024-11-27 12:03:35,761 [main] INFO treasure2 | TreasureTags.java:184 | registering chest -> treasure2:safe by rarity -> RARE
2024-11-27 12:03:35,761 [main] INFO treasure2 | TreasureTags.java:184 | registering chest -> treasure2:cauldron_chest by rarity -> CAULDRON
2024-11-27 12:03:35,761 [main] INFO treasure2 | TreasureTags.java:184 | registering chest -> treasure2:crate_chest by rarity -> UNCOMMON
2024-11-27 12:03:35,761 [main] INFO treasure2 | TreasureTags.java:184 | registering chest -> treasure2:crate_chest_moldy by rarity -> COMMON
2024-11-27 12:03:35,761 [main] INFO treasure2 | TreasureTags.java:184 | registering chest -> treasure2:dread_pirate_chest by rarity -> EPIC
2024-11-27 12:03:35,762 [main] INFO treasure2 | TreasureTags.java:184 | registering chest -> treasure2:spider_chest by rarity -> RARE
2024-11-27 12:03:35,762 [main] INFO treasure2 | TreasureTags.java:184 | registering chest -> treasure2:ironbound_chest by rarity -> UNCOMMON
2024-11-27 12:03:35,762 [main] INFO treasure2 | TreasureTags.java:184 | registering chest -> treasure2:skull_chest by rarity -> SKULL
2024-11-27 12:03:35,762 [main] INFO treasure2 | TreasureTags.java:184 | registering chest -> treasure2:milk_crate by rarity -> COMMON
2024-11-27 12:03:35,762 [main] INFO treasure2 | TreasureTags.java:184 | registering chest -> treasure2:vanilla_chest by rarity -> COMMON
2024-11-27 12:03:35,762 [main] INFO treasure2 | TreasureTags.java:184 | registering chest -> treasure2:gold_skull_chest by rarity -> GOLD_SKULL
2024-11-27 12:03:35,762 [main] INFO treasure2 | TreasureTags.java:184 | registering chest -> treasure2:gold_strongbox by rarity -> RARE
2024-11-27 12:03:35,762 [main] INFO treasure2 | TreasureTags.java:184 | registering chest -> treasure2:iron_strongbox by rarity -> SCARCE
2024-11-27 12:03:35,762 [main] INFO treasure2 | TreasureTags.java:184 | registering chest -> treasure2:crystal_skull_chest by rarity -> CRYSTAL_SKULL
2024-11-27 12:03:35,763 [main] INFO treasure2 | TreasureTags.java:184 | registering chest -> treasure2:wood_chest by rarity -> COMMON
2024-11-27 12:03:35,763 [main] INFO treasure2 | TreasureTags.java:184 | registering chest -> treasure2:wither_chest by rarity -> WITHER
2024-11-27 12:03:35,763 [main] INFO treasure2 | TreasureTags.java:184 | registering chest -> treasure2:compressor_chest by rarity -> EPIC
2024-11-27 12:03:35,763 [main] INFO treasure2 | TreasureTags.java:184 | registering chest -> treasure2:cardboard_box by rarity -> COMMON
2024-11-27 12:03:35,763 [main] INFO treasure2 | TreasureTags.java:201 | registering wishable -> treasure2:onyx by rarity -> RARE
2024-11-27 12:03:35,763 [main] INFO treasure2 | TreasureTags.java:201 | registering wishable -> treasure2:ruby by rarity -> RARE
2024-11-27 12:03:35,764 [main] INFO treasure2 | TreasureTags.java:201 | registering wishable -> treasure2:white_pearl by rarity -> RARE
2024-11-27 12:03:35,764 [main] INFO treasure2 | TreasureTags.java:201 | registering wishable -> treasure2:sapphire by rarity -> EPIC
2024-11-27 12:03:35,764 [main] INFO treasure2 | TreasureTags.java:201 | registering wishable -> treasure2:black_pearl by rarity -> EPIC
2024-11-27 12:03:35,764 [main] INFO treasure2 | TreasureTags.java:201 | registering wishable -> treasure2:gold_coin by rarity -> SCARCE
2024-11-27 12:03:35,765 [main] INFO treasure2 | TreasureTags.java:201 | registering wishable -> treasure2:topaz by rarity -> SCARCE
2024-11-27 12:03:35,765 [main] INFO treasure2 | TreasureTags.java:201 | registering wishable -> minecraft:diamond by rarity -> SCARCE
2024-11-27 12:03:35,765 [main] INFO treasure2 | TreasureTags.java:201 | registering wishable -> minecraft:emerald by rarity -> SCARCE
2024-11-27 12:03:35,765 [main] INFO treasure2 | TreasureTags.java:201 | registering wishable -> treasure2:silver_coin by rarity -> UNCOMMON
2024-11-27 12:03:35,765 [main] INFO treasure2 | TreasureTags.java:201 | registering wishable -> treasure2:copper_coin by rarity -> COMMON
2024-11-27 12:03:37,637 [Server thread] INFO treasure2 | Config.java:750 | transforming mob set config...
2024-11-27 12:03:37,641 [Server thread] INFO treasure2 | Config.java:759 | adding mobset to map -> MobSet{name='treasure2:wishing_well_group', category='wishing_wells', biomeWhitelist=[], biomeBlacklist=[], count=IntegerRange [min=1, max=3], mobs=[WeightedMob{name='minecraft:zombie', weight=35}, WeightedMob{name='minecraft:zombie_villager', weight=10}, WeightedMob{name='minecraft:skeleton', weight=35}, WeightedMob{name='minecraft:vex', weight=20}, WeightedMob{name='minecraft:creeper', weight=15}, WeightedMob{name='minecraft:slime', weight=5}]}
2024-11-27 12:03:37,641 [Server thread] INFO treasure2 | Config.java:759 | adding mobset to map -> MobSet{name='treasure2:small_zombie_group', category='zombies', biomeWhitelist=[], biomeBlacklist=[], count=IntegerRange [min=1, max=3], mobs=[WeightedMob{name='minecraft:zombie', weight=90}, WeightedMob{name='minecraft:zombie_villager', weight=10}]}
2024-11-27 12:03:37,641 [Server thread] INFO treasure2 | Config.java:759 | adding mobset to map -> MobSet{name='treasure2:medium_zombie_group', category='zombies', biomeWhitelist=[], biomeBlacklist=[], count=IntegerRange [min=2, max=5], mobs=[WeightedMob{name='minecraft:zombie', weight=90}, WeightedMob{name='minecraft:zombie_villager', weight=10}]}
2024-11-27 12:03:39,081 [Server thread] INFO treasure2 | WorldEventHandler.java:54 | In world load event
2024-11-27 12:03:39,082 [Server thread] INFO treasure2 | WorldEventHandler.java:64 | In world load event for dimension minecraft:overworld
2024-11-27 12:03:39,088 [Server thread] INFO treasure2 | MobSetRegistry.java:37 | mobSetConfig optional ...
2024-11-27 12:03:39,089 [Server thread] INFO treasure2 | MobSetRegistry.java:39 | mobSetConfig is present
2024-11-27 12:03:39,494 [Server thread] WARN treasure2 | TreasureTemplateRegistry.java:791 | biome -> 'minecraft:desert' is not registgered
2024-11-27 12:03:39,495 [Server thread] WARN treasure2 | TreasureTemplateRegistry.java:791 | biome -> 'minecraft:desert' is not registgered
2024-11-27 12:03:39,495 [Server thread] WARN treasure2 | TreasureTemplateRegistry.java:791 | biome -> 'minecraft:desert' is not registgered
2024-11-27 12:03:39,495 [Server thread] WARN treasure2 | TreasureTemplateRegistry.java:791 | biome -> 'minecraft:desert' is not registgered
2024-11-27 12:03:39,495 [Server thread] WARN treasure2 | TreasureTemplateRegistry.java:791 | biome -> 'minecraft:desert' is not registgered
2024-11-27 12:03:39,495 [Server thread] WARN treasure2 | TreasureTemplateRegistry.java:791 | biome -> 'minecraft:desert' is not registgered
2024-11-27 12:03:39,496 [Server thread] WARN treasure2 | TreasureTemplateRegistry.java:791 | biome -> 'minecraft:desert' is not registgered
2024-11-27 12:03:39,496 [Server thread] WARN treasure2 | TreasureTemplateRegistry.java:791 | biome -> 'minecraft:desert' is not registgered
2024-11-27 12:03:39,594 [Server thread] INFO treasure2 | WorldEventHandler.java:54 | In world load event
2024-11-27 12:03:39,594 [Server thread] INFO treasure2 | WorldEventHandler.java:64 | In world load event for dimension the_bumblezone:the_bumblezone
2024-11-27 12:03:39,599 [Server thread] INFO treasure2 | WorldEventHandler.java:54 | In world load event
2024-11-27 12:03:39,599 [Server thread] INFO treasure2 | WorldEventHandler.java:64 | In world load event for dimension ad_astra:moon_orbit
2024-11-27 12:03:39,606 [Server thread] INFO treasure2 | WorldEventHandler.java:54 | In world load event
2024-11-27 12:03:39,606 [Server thread] INFO treasure2 | WorldEventHandler.java:64 | In world load event for dimension createteleporters:pocket_dimension
2024-11-27 12:03:39,609 [Server thread] INFO treasure2 | WorldEventHandler.java:54 | In world load event
2024-11-27 12:03:39,609 [Server thread] INFO treasure2 | WorldEventHandler.java:64 | In world load event for dimension blue_skies:everbright
2024-11-27 12:03:39,617 [Server thread] INFO treasure2 | WorldEventHandler.java:54 | In world load event
2024-11-27 12:03:39,617 [Server thread] INFO treasure2 | WorldEventHandler.java:64 | In world load event for dimension aether:the_aether
2024-11-27 12:03:39,626 [Server thread] INFO treasure2 | WorldEventHandler.java:54 | In world load event
2024-11-27 12:03:39,626 [Server thread] INFO treasure2 | WorldEventHandler.java:64 | In world load event for dimension deeperdarker:otherside
2024-11-27 12:03:39,635 [Server thread] INFO treasure2 | WorldEventHandler.java:54 | In world load event
2024-11-27 12:03:39,635 [Server thread] INFO treasure2 | WorldEventHandler.java:64 | In world load event for dimension ad_astra:mars
2024-11-27 12:03:39,645 [Server thread] INFO treasure2 | WorldEventHandler.java:54 | In world load event
2024-11-27 12:03:39,645 [Server thread] INFO treasure2 | WorldEventHandler.java:64 | In world load event for dimension twilightforest:twilight_forest
2024-11-27 12:03:39,654 [Server thread] INFO treasure2 | WorldEventHandler.java:54 | In world load event
2024-11-27 12:03:39,655 [Server thread] INFO treasure2 | WorldEventHandler.java:64 | In world load event for dimension ad_astra:mars_orbit
2024-11-27 12:03:39,671 [Server thread] INFO treasure2 | WorldEventHandler.java:54 | In world load event
2024-11-27 12:03:39,671 [Server thread] INFO treasure2 | WorldEventHandler.java:64 | In world load event for dimension ad_astra:moon
2024-11-27 12:03:39,680 [Server thread] INFO treasure2 | WorldEventHandler.java:54 | In world load event
2024-11-27 12:03:39,680 [Server thread] INFO treasure2 | WorldEventHandler.java:64 | In world load event for dimension blue_skies:everdawn
2024-11-27 12:03:39,695 [Server thread] INFO treasure2 | WorldEventHandler.java:54 | In world load event
2024-11-27 12:03:39,696 [Server thread] INFO treasure2 | WorldEventHandler.java:64 | In world load event for dimension ad_astra:venus
2024-11-27 12:03:39,714 [Server thread] INFO treasure2 | WorldEventHandler.java:54 | In world load event
2024-11-27 12:03:39,714 [Server thread] INFO treasure2 | WorldEventHandler.java:64 | In world load event for dimension minecraft:the_nether
2024-11-27 12:03:39,718 [Server thread] INFO treasure2 | WorldEventHandler.java:54 | In world load event
2024-11-27 12:03:39,719 [Server thread] INFO treasure2 | WorldEventHandler.java:64 | In world load event for dimension ad_astra:glacio_orbit
2024-11-27 12:03:39,727 [Server thread] INFO treasure2 | WorldEventHandler.java:54 | In world load event
2024-11-27 12:03:39,727 [Server thread] INFO treasure2 | WorldEventHandler.java:64 | In world load event for dimension ad_astra:mercury
2024-11-27 12:03:39,738 [Server thread] INFO treasure2 | WorldEventHandler.java:54 | In world load event
2024-11-27 12:03:39,738 [Server thread] INFO treasure2 | WorldEventHandler.java:64 | In world load event for dimension ad_astra:mercury_orbit
2024-11-27 12:03:39,758 [Server thread] INFO treasure2 | WorldEventHandler.java:54 | In world load event
2024-11-27 12:03:39,759 [Server thread] INFO treasure2 | WorldEventHandler.java:64 | In world load event for dimension ad_astra:glacio
2024-11-27 12:03:39,773 [Server thread] INFO treasure2 | WorldEventHandler.java:54 | In world load event
2024-11-27 12:03:39,773 [Server thread] INFO treasure2 | WorldEventHandler.java:64 | In world load event for dimension ad_astra:venus_orbit
2024-11-27 12:03:39,808 [Server thread] INFO treasure2 | WorldEventHandler.java:54 | In world load event
2024-11-27 12:03:39,808 [Server thread] INFO treasure2 | WorldEventHandler.java:64 | In world load event for dimension minecraft:the_end
2024-11-27 12:03:39,844 [Server thread] INFO treasure2 | WorldEventHandler.java:54 | In world load event
2024-11-27 12:03:39,844 [Server thread] INFO treasure2 | WorldEventHandler.java:64 | In world load event for dimension graveyard:past
2024-11-27 12:03:39,848 [Server thread] INFO treasure2 | WorldEventHandler.java:54 | In world load event
2024-11-27 12:03:39,848 [Server thread] INFO treasure2 | WorldEventHandler.java:64 | In world load event for dimension ad_astra:earth_orbit
